{"name":"hexo","hostname":"Gs-MacBook-Pro","pid":55092,"level":20,"msg":"Writing database to /Users/gm/Documents/GitHub/ectinge/russell/db.json","time":"2025-01-02T10:20:06.866Z","v":0}
{"name":"hexo","hostname":"Gs-MacBook-Pro","pid":55092,"level":20,"msg":"Hexo version: \u001b[35m4.2.1\u001b[39m","time":"2025-01-02T10:20:06.870Z","v":0}
{"name":"hexo","hostname":"Gs-MacBook-Pro","pid":55092,"level":20,"msg":"Working directory: \u001b[35m~/Documents/GitHub/ectinge/russell/\u001b[39m","time":"2025-01-02T10:20:06.870Z","v":0}
{"name":"hexo","hostname":"Gs-MacBook-Pro","pid":55092,"level":20,"msg":"Config loaded: \u001b[35m~/Documents/GitHub/ectinge/russell/_config.yml\u001b[39m","time":"2025-01-02T10:20:06.893Z","v":0}
{"name":"hexo","hostname":"Gs-MacBook-Pro","pid":55092,"level":20,"msg":"Plugin loaded: \u001b[35mhexo-deployer-git\u001b[39m","time":"2025-01-02T10:20:06.899Z","v":0}
{"name":"hexo","hostname":"Gs-MacBook-Pro","pid":55092,"level":20,"msg":"Plugin loaded: \u001b[35mhexo-generator-archive\u001b[39m","time":"2025-01-02T10:20:06.899Z","v":0}
{"name":"hexo","hostname":"Gs-MacBook-Pro","pid":55092,"level":20,"msg":"Plugin loaded: \u001b[35mhexo-blog-encrypt\u001b[39m","time":"2025-01-02T10:20:06.900Z","v":0}
{"name":"hexo","hostname":"Gs-MacBook-Pro","pid":55092,"level":20,"msg":"Plugin loaded: \u001b[35mhexo-generator-category\u001b[39m","time":"2025-01-02T10:20:06.900Z","v":0}
{"name":"hexo","hostname":"Gs-MacBook-Pro","pid":55092,"level":20,"msg":"Plugin loaded: \u001b[35mhexo-renderer-ejs\u001b[39m","time":"2025-01-02T10:20:06.901Z","v":0}
{"name":"hexo","hostname":"Gs-MacBook-Pro","pid":55092,"level":20,"msg":"Plugin loaded: \u001b[35mhexo-renderer-stylus\u001b[39m","time":"2025-01-02T10:20:06.921Z","v":0}
{"name":"hexo","hostname":"Gs-MacBook-Pro","pid":55092,"level":20,"msg":"Plugin loaded: \u001b[35mhexo-renderer-marked\u001b[39m","time":"2025-01-02T10:20:06.933Z","v":0}
{"name":"hexo","hostname":"Gs-MacBook-Pro","pid":55092,"level":20,"msg":"Plugin loaded: \u001b[35mhexo-generator-index\u001b[39m","time":"2025-01-02T10:20:06.934Z","v":0}
{"name":"hexo","hostname":"Gs-MacBook-Pro","pid":55092,"level":20,"msg":"Plugin loaded: \u001b[35mhexo-generator-tag\u001b[39m","time":"2025-01-02T10:20:06.934Z","v":0}
{"name":"hexo","hostname":"Gs-MacBook-Pro","pid":55092,"level":20,"msg":"Plugin loaded: \u001b[35mhexo-server\u001b[39m","time":"2025-01-02T10:20:06.957Z","v":0}
{"name":"hexo","hostname":"Gs-MacBook-Pro","pid":55092,"level":20,"msg":"Script loaded: \u001b[35mthemes/cactus/scripts/merge-configs.js\u001b[39m","time":"2025-01-02T10:20:06.958Z","v":0}
{"name":"hexo","hostname":"Gs-MacBook-Pro","pid":55092,"level":20,"msg":"Script loaded: \u001b[35mthemes/cactus/scripts/meta.js\u001b[39m","time":"2025-01-02T10:20:06.958Z","v":0}
{"name":"hexo","hostname":"Gs-MacBook-Pro","pid":55092,"level":20,"msg":"Script loaded: \u001b[35mthemes/cactus/scripts/page_title.js\u001b[39m","time":"2025-01-02T10:20:06.959Z","v":0}
{"name":"hexo","hostname":"Gs-MacBook-Pro","pid":55092,"level":20,"msg":"Script loaded: \u001b[35mthemes/cactus/scripts/thumbnail.js\u001b[39m","time":"2025-01-02T10:20:06.959Z","v":0}
{"name":"hexo","hostname":"Gs-MacBook-Pro","pid":55092,"level":30,"msg":"Start processing","time":"2025-01-02T10:20:06.959Z","v":0}
{"name":"hexo","hostname":"Gs-MacBook-Pro","pid":55092,"level":20,"msg":"Theme config loaded.","time":"2025-01-02T10:20:06.991Z","v":0}
{"name":"hexo","hostname":"Gs-MacBook-Pro","pid":55092,"level":20,"msg":"Processed: \u001b[35m_config.yml\u001b[39m","time":"2025-01-02T10:20:06.991Z","v":0}
{"name":"hexo","hostname":"Gs-MacBook-Pro","pid":55092,"level":20,"msg":"Processed: \u001b[35msource/css/rtl.styl\u001b[39m","time":"2025-01-02T10:20:06.992Z","v":0}
{"name":"hexo","hostname":"Gs-MacBook-Pro","pid":55092,"level":20,"msg":"Processed: \u001b[35msource/css/style.styl\u001b[39m","time":"2025-01-02T10:20:06.992Z","v":0}
{"name":"hexo","hostname":"Gs-MacBook-Pro","pid":55092,"level":20,"msg":"Processed: \u001b[35msource/images/apple-touch-icon.png\u001b[39m","time":"2025-01-02T10:20:06.992Z","v":0}
{"name":"hexo","hostname":"Gs-MacBook-Pro","pid":55092,"level":20,"msg":"Processed: \u001b[35msource/js/main.js\u001b[39m","time":"2025-01-02T10:20:06.992Z","v":0}
{"name":"hexo","hostname":"Gs-MacBook-Pro","pid":55092,"level":20,"msg":"Processed: \u001b[35msource/images/favicon-192x192.png\u001b[39m","time":"2025-01-02T10:20:06.992Z","v":0}
{"name":"hexo","hostname":"Gs-MacBook-Pro","pid":55092,"level":20,"msg":"Processed: \u001b[35msource/js/search.js\u001b[39m","time":"2025-01-02T10:20:06.992Z","v":0}
{"name":"hexo","hostname":"Gs-MacBook-Pro","pid":55092,"level":20,"msg":"Processed: \u001b[35msource/images/favicon.ico\u001b[39m","time":"2025-01-02T10:20:06.993Z","v":0}
{"name":"hexo","hostname":"Gs-MacBook-Pro","pid":55092,"level":20,"msg":"Processed: \u001b[35mlayout/archive.ejs\u001b[39m","time":"2025-01-02T10:20:07.019Z","v":0}
{"name":"hexo","hostname":"Gs-MacBook-Pro","pid":55092,"level":20,"msg":"Processed: \u001b[35mlayout/layout.ejs\u001b[39m","time":"2025-01-02T10:20:07.020Z","v":0}
{"name":"hexo","hostname":"Gs-MacBook-Pro","pid":55092,"level":20,"msg":"Processed: \u001b[35mlayout/page.ejs\u001b[39m","time":"2025-01-02T10:20:07.020Z","v":0}
{"name":"hexo","hostname":"Gs-MacBook-Pro","pid":55092,"level":20,"msg":"Processed: \u001b[35mlayout/index.ejs\u001b[39m","time":"2025-01-02T10:20:07.020Z","v":0}
{"name":"hexo","hostname":"Gs-MacBook-Pro","pid":55092,"level":20,"msg":"Processed: \u001b[35mlayout/post.ejs\u001b[39m","time":"2025-01-02T10:20:07.020Z","v":0}
{"name":"hexo","hostname":"Gs-MacBook-Pro","pid":55092,"level":20,"msg":"Processed: \u001b[35m_posts/。.md\u001b[39m","time":"2025-01-02T10:20:07.020Z","v":0}
{"name":"hexo","hostname":"Gs-MacBook-Pro","pid":55092,"level":20,"msg":"Processed: \u001b[35m_posts/虚拟.md\u001b[39m","time":"2025-01-02T10:20:07.020Z","v":0}
{"name":"hexo","hostname":"Gs-MacBook-Pro","pid":55092,"level":20,"msg":"Processed: \u001b[35m_posts/看不顺眼.md\u001b[39m","time":"2025-01-02T10:20:07.020Z","v":0}
{"name":"hexo","hostname":"Gs-MacBook-Pro","pid":55092,"level":20,"msg":"Processed: \u001b[35mlanguages/default.yml\u001b[39m","time":"2025-01-02T10:20:07.020Z","v":0}
{"name":"hexo","hostname":"Gs-MacBook-Pro","pid":55092,"level":20,"msg":"Processed: \u001b[35mlanguages/en.yml\u001b[39m","time":"2025-01-02T10:20:07.020Z","v":0}
{"name":"hexo","hostname":"Gs-MacBook-Pro","pid":55092,"level":20,"msg":"Processed: \u001b[35mlanguages/es.yml\u001b[39m","time":"2025-01-02T10:20:07.020Z","v":0}
{"name":"hexo","hostname":"Gs-MacBook-Pro","pid":55092,"level":20,"msg":"Processed: \u001b[35mlanguages/fa.yml\u001b[39m","time":"2025-01-02T10:20:07.020Z","v":0}
{"name":"hexo","hostname":"Gs-MacBook-Pro","pid":55092,"level":20,"msg":"Processed: \u001b[35mlanguages/fr.yml\u001b[39m","time":"2025-01-02T10:20:07.021Z","v":0}
{"name":"hexo","hostname":"Gs-MacBook-Pro","pid":55092,"level":20,"msg":"Processed: \u001b[35mlanguages/it.yml\u001b[39m","time":"2025-01-02T10:20:07.021Z","v":0}
{"name":"hexo","hostname":"Gs-MacBook-Pro","pid":55092,"level":20,"msg":"Processed: \u001b[35mlanguages/ca.yml\u001b[39m","time":"2025-01-02T10:20:07.021Z","v":0}
{"name":"hexo","hostname":"Gs-MacBook-Pro","pid":55092,"level":20,"msg":"Processed: \u001b[35mlanguages/kr.yml\u001b[39m","time":"2025-01-02T10:20:07.021Z","v":0}
{"name":"hexo","hostname":"Gs-MacBook-Pro","pid":55092,"level":20,"msg":"Processed: \u001b[35mlanguages/nl.yml\u001b[39m","time":"2025-01-02T10:20:07.021Z","v":0}
{"name":"hexo","hostname":"Gs-MacBook-Pro","pid":55092,"level":20,"msg":"Processed: \u001b[35mlanguages/pl.yml\u001b[39m","time":"2025-01-02T10:20:07.021Z","v":0}
{"name":"hexo","hostname":"Gs-MacBook-Pro","pid":55092,"level":20,"msg":"Processed: \u001b[35mlanguages/pt-br.yml\u001b[39m","time":"2025-01-02T10:20:07.021Z","v":0}
{"name":"hexo","hostname":"Gs-MacBook-Pro","pid":55092,"level":20,"msg":"Processed: \u001b[35mlanguages/ru.yml\u001b[39m","time":"2025-01-02T10:20:07.021Z","v":0}
{"name":"hexo","hostname":"Gs-MacBook-Pro","pid":55092,"level":20,"msg":"Processed: \u001b[35mlanguages/tr.yml\u001b[39m","time":"2025-01-02T10:20:07.021Z","v":0}
{"name":"hexo","hostname":"Gs-MacBook-Pro","pid":55092,"level":20,"msg":"Processed: \u001b[35mlanguages/vi.yml\u001b[39m","time":"2025-01-02T10:20:07.021Z","v":0}
{"name":"hexo","hostname":"Gs-MacBook-Pro","pid":55092,"level":20,"msg":"Processed: \u001b[35mlanguages/zh-CN.yml\u001b[39m","time":"2025-01-02T10:20:07.021Z","v":0}
{"name":"hexo","hostname":"Gs-MacBook-Pro","pid":55092,"level":20,"msg":"Processed: \u001b[35mlanguages/zh-TW.yml\u001b[39m","time":"2025-01-02T10:20:07.021Z","v":0}
{"name":"hexo","hostname":"Gs-MacBook-Pro","pid":55092,"level":20,"msg":"Processed: \u001b[35msource/lib/clipboard/clipboard.min.js\u001b[39m","time":"2025-01-02T10:20:07.024Z","v":0}
{"name":"hexo","hostname":"Gs-MacBook-Pro","pid":55092,"level":20,"msg":"Processed: \u001b[35msource/lib/vazir-font/Vazir-Black.woff\u001b[39m","time":"2025-01-02T10:20:07.024Z","v":0}
{"name":"hexo","hostname":"Gs-MacBook-Pro","pid":55092,"level":20,"msg":"Processed: \u001b[35msource/lib/vazir-font/Vazir-Black.woff2\u001b[39m","time":"2025-01-02T10:20:07.024Z","v":0}
{"name":"hexo","hostname":"Gs-MacBook-Pro","pid":55092,"level":20,"msg":"Processed: \u001b[35msource/lib/vazir-font/Vazir-Bold.woff\u001b[39m","time":"2025-01-02T10:20:07.024Z","v":0}
{"name":"hexo","hostname":"Gs-MacBook-Pro","pid":55092,"level":20,"msg":"Processed: \u001b[35msource/lib/vazir-font/Vazir-Bold.woff2\u001b[39m","time":"2025-01-02T10:20:07.024Z","v":0}
{"name":"hexo","hostname":"Gs-MacBook-Pro","pid":55092,"level":20,"msg":"Processed: \u001b[35msource/lib/vazir-font/Vazir-Light.woff\u001b[39m","time":"2025-01-02T10:20:07.024Z","v":0}
{"name":"hexo","hostname":"Gs-MacBook-Pro","pid":55092,"level":20,"msg":"Processed: \u001b[35msource/lib/vazir-font/Vazir-Light.woff2\u001b[39m","time":"2025-01-02T10:20:07.024Z","v":0}
{"name":"hexo","hostname":"Gs-MacBook-Pro","pid":55092,"level":20,"msg":"Processed: \u001b[35msource/lib/vazir-font/Vazir-Medium.woff\u001b[39m","time":"2025-01-02T10:20:07.024Z","v":0}
{"name":"hexo","hostname":"Gs-MacBook-Pro","pid":55092,"level":20,"msg":"Processed: \u001b[35msource/lib/vazir-font/Vazir-Medium.woff2\u001b[39m","time":"2025-01-02T10:20:07.024Z","v":0}
{"name":"hexo","hostname":"Gs-MacBook-Pro","pid":55092,"level":20,"msg":"Processed: \u001b[35msource/lib/vazir-font/Vazir-Thin.woff\u001b[39m","time":"2025-01-02T10:20:07.025Z","v":0}
{"name":"hexo","hostname":"Gs-MacBook-Pro","pid":55092,"level":20,"msg":"Processed: \u001b[35msource/lib/vazir-font/Vazir-Thin.woff2\u001b[39m","time":"2025-01-02T10:20:07.025Z","v":0}
{"name":"hexo","hostname":"Gs-MacBook-Pro","pid":55092,"level":20,"msg":"Processed: \u001b[35msource/lib/vazir-font/font-face.css\u001b[39m","time":"2025-01-02T10:20:07.025Z","v":0}
{"name":"hexo","hostname":"Gs-MacBook-Pro","pid":55092,"level":20,"msg":"Processed: \u001b[35msource/lib/vazir-font/Vazir.woff\u001b[39m","time":"2025-01-02T10:20:07.025Z","v":0}
{"name":"hexo","hostname":"Gs-MacBook-Pro","pid":55092,"level":20,"msg":"Processed: \u001b[35msource/lib/vazir-font/Vazir.woff2\u001b[39m","time":"2025-01-02T10:20:07.025Z","v":0}
{"name":"hexo","hostname":"Gs-MacBook-Pro","pid":55092,"level":20,"msg":"Processed: \u001b[35msource/lib/jquery/jquery.min.js\u001b[39m","time":"2025-01-02T10:20:07.027Z","v":0}
{"name":"hexo","hostname":"Gs-MacBook-Pro","pid":55092,"level":20,"msg":"Processed: \u001b[35msource/lib/vazir-font/Vazir-Black.eot\u001b[39m","time":"2025-01-02T10:20:07.027Z","v":0}
{"name":"hexo","hostname":"Gs-MacBook-Pro","pid":55092,"level":20,"msg":"Processed: \u001b[35msource/lib/vazir-font/Vazir-Black.ttf\u001b[39m","time":"2025-01-02T10:20:07.027Z","v":0}
{"name":"hexo","hostname":"Gs-MacBook-Pro","pid":55092,"level":20,"msg":"Processed: \u001b[35msource/lib/vazir-font/Vazir-Bold.eot\u001b[39m","time":"2025-01-02T10:20:07.027Z","v":0}
{"name":"hexo","hostname":"Gs-MacBook-Pro","pid":55092,"level":20,"msg":"Processed: \u001b[35msource/lib/vazir-font/Vazir-Bold.ttf\u001b[39m","time":"2025-01-02T10:20:07.027Z","v":0}
{"name":"hexo","hostname":"Gs-MacBook-Pro","pid":55092,"level":20,"msg":"Processed: \u001b[35msource/lib/vazir-font/Vazir-Light.eot\u001b[39m","time":"2025-01-02T10:20:07.027Z","v":0}
{"name":"hexo","hostname":"Gs-MacBook-Pro","pid":55092,"level":20,"msg":"Processed: \u001b[35msource/images/logo.png\u001b[39m","time":"2025-01-02T10:20:07.027Z","v":0}
{"name":"hexo","hostname":"Gs-MacBook-Pro","pid":55092,"level":20,"msg":"Processed: \u001b[35msource/lib/vazir-font/Vazir-Light.ttf\u001b[39m","time":"2025-01-02T10:20:07.027Z","v":0}
{"name":"hexo","hostname":"Gs-MacBook-Pro","pid":55092,"level":20,"msg":"Processed: \u001b[35msource/lib/vazir-font/Vazir-Medium.eot\u001b[39m","time":"2025-01-02T10:20:07.027Z","v":0}
{"name":"hexo","hostname":"Gs-MacBook-Pro","pid":55092,"level":20,"msg":"Processed: \u001b[35msource/lib/vazir-font/Vazir-Medium.ttf\u001b[39m","time":"2025-01-02T10:20:07.027Z","v":0}
{"name":"hexo","hostname":"Gs-MacBook-Pro","pid":55092,"level":20,"msg":"Processed: \u001b[35msource/lib/vazir-font/Vazir-Thin.eot\u001b[39m","time":"2025-01-02T10:20:07.027Z","v":0}
{"name":"hexo","hostname":"Gs-MacBook-Pro","pid":55092,"level":20,"msg":"Processed: \u001b[35msource/lib/vazir-font/Vazir-Thin.ttf\u001b[39m","time":"2025-01-02T10:20:07.027Z","v":0}
{"name":"hexo","hostname":"Gs-MacBook-Pro","pid":55092,"level":20,"msg":"Processed: \u001b[35msource/lib/vazir-font/Vazir.eot\u001b[39m","time":"2025-01-02T10:20:07.027Z","v":0}
{"name":"hexo","hostname":"Gs-MacBook-Pro","pid":55092,"level":20,"msg":"Processed: \u001b[35msource/lib/vazir-font/Vazir.ttf\u001b[39m","time":"2025-01-02T10:20:07.027Z","v":0}
{"name":"hexo","hostname":"Gs-MacBook-Pro","pid":55092,"level":20,"msg":"Processed: \u001b[35mlayout/_partial/comments.ejs\u001b[39m","time":"2025-01-02T10:20:07.030Z","v":0}
{"name":"hexo","hostname":"Gs-MacBook-Pro","pid":55092,"level":20,"msg":"Processed: \u001b[35mlayout/_partial/footer.ejs\u001b[39m","time":"2025-01-02T10:20:07.030Z","v":0}
{"name":"hexo","hostname":"Gs-MacBook-Pro","pid":55092,"level":20,"msg":"Processed: \u001b[35mlayout/_partial/header.ejs\u001b[39m","time":"2025-01-02T10:20:07.030Z","v":0}
{"name":"hexo","hostname":"Gs-MacBook-Pro","pid":55092,"level":20,"msg":"Processed: \u001b[35mlayout/_partial/head.ejs\u001b[39m","time":"2025-01-02T10:20:07.030Z","v":0}
{"name":"hexo","hostname":"Gs-MacBook-Pro","pid":55092,"level":20,"msg":"Processed: \u001b[35mlayout/_partial/pagination.ejs\u001b[39m","time":"2025-01-02T10:20:07.030Z","v":0}
{"name":"hexo","hostname":"Gs-MacBook-Pro","pid":55092,"level":20,"msg":"Processed: \u001b[35mlayout/_partial/scripts.ejs\u001b[39m","time":"2025-01-02T10:20:07.030Z","v":0}
{"name":"hexo","hostname":"Gs-MacBook-Pro","pid":55092,"level":20,"msg":"Processed: \u001b[35mlayout/_partial/styles.ejs\u001b[39m","time":"2025-01-02T10:20:07.030Z","v":0}
{"name":"hexo","hostname":"Gs-MacBook-Pro","pid":55092,"level":20,"msg":"Processed: \u001b[35mlayout/_partial/search.ejs\u001b[39m","time":"2025-01-02T10:20:07.030Z","v":0}
{"name":"hexo","hostname":"Gs-MacBook-Pro","pid":55092,"level":20,"msg":"Processed: \u001b[35msource/lib/font-awesome/css/all.min.css\u001b[39m","time":"2025-01-02T10:20:07.030Z","v":0}
{"name":"hexo","hostname":"Gs-MacBook-Pro","pid":55092,"level":20,"msg":"Processed: \u001b[35msource/lib/font-awesome/webfonts/fa-regular-400.eot\u001b[39m","time":"2025-01-02T10:20:07.030Z","v":0}
{"name":"hexo","hostname":"Gs-MacBook-Pro","pid":55092,"level":20,"msg":"Processed: \u001b[35msource/lib/font-awesome/webfonts/fa-regular-400.ttf\u001b[39m","time":"2025-01-02T10:20:07.030Z","v":0}
{"name":"hexo","hostname":"Gs-MacBook-Pro","pid":55092,"level":20,"msg":"Processed: \u001b[35msource/lib/font-awesome/webfonts/fa-regular-400.woff\u001b[39m","time":"2025-01-02T10:20:07.030Z","v":0}
{"name":"hexo","hostname":"Gs-MacBook-Pro","pid":55092,"level":20,"msg":"Processed: \u001b[35msource/lib/font-awesome/webfonts/fa-regular-400.woff2\u001b[39m","time":"2025-01-02T10:20:07.030Z","v":0}
{"name":"hexo","hostname":"Gs-MacBook-Pro","pid":55092,"level":20,"msg":"Processed: \u001b[35msource/lib/justified-gallery/css/justifiedGallery.min.css\u001b[39m","time":"2025-01-02T10:20:07.030Z","v":0}
{"name":"hexo","hostname":"Gs-MacBook-Pro","pid":55092,"level":20,"msg":"Processed: \u001b[35msource/lib/justified-gallery/js/jquery.justifiedGallery.min.js\u001b[39m","time":"2025-01-02T10:20:07.030Z","v":0}
{"name":"hexo","hostname":"Gs-MacBook-Pro","pid":55092,"level":20,"msg":"Processed: \u001b[35msource/lib/font-awesome/webfonts/fa-brands-400.woff2\u001b[39m","time":"2025-01-02T10:20:07.031Z","v":0}
{"name":"hexo","hostname":"Gs-MacBook-Pro","pid":55092,"level":20,"msg":"Processed: \u001b[35msource/lib/font-awesome/webfonts/fa-brands-400.woff\u001b[39m","time":"2025-01-02T10:20:07.031Z","v":0}
{"name":"hexo","hostname":"Gs-MacBook-Pro","pid":55092,"level":20,"msg":"Processed: \u001b[35msource/lib/font-awesome/webfonts/fa-solid-900.woff\u001b[39m","time":"2025-01-02T10:20:07.031Z","v":0}
{"name":"hexo","hostname":"Gs-MacBook-Pro","pid":55092,"level":20,"msg":"Processed: \u001b[35msource/lib/font-awesome/webfonts/fa-solid-900.woff2\u001b[39m","time":"2025-01-02T10:20:07.031Z","v":0}
{"name":"hexo","hostname":"Gs-MacBook-Pro","pid":55092,"level":20,"msg":"Processed: \u001b[35mlayout/_partial/post/actions_desktop.ejs\u001b[39m","time":"2025-01-02T10:20:07.033Z","v":0}
{"name":"hexo","hostname":"Gs-MacBook-Pro","pid":55092,"level":20,"msg":"Processed: \u001b[35mlayout/_partial/post/category.ejs\u001b[39m","time":"2025-01-02T10:20:07.033Z","v":0}
{"name":"hexo","hostname":"Gs-MacBook-Pro","pid":55092,"level":20,"msg":"Processed: \u001b[35mlayout/_partial/post/date.ejs\u001b[39m","time":"2025-01-02T10:20:07.033Z","v":0}
{"name":"hexo","hostname":"Gs-MacBook-Pro","pid":55092,"level":20,"msg":"Processed: \u001b[35mlayout/_partial/post/actions_mobile.ejs\u001b[39m","time":"2025-01-02T10:20:07.033Z","v":0}
{"name":"hexo","hostname":"Gs-MacBook-Pro","pid":55092,"level":20,"msg":"Processed: \u001b[35mlayout/_partial/post/gallery.ejs\u001b[39m","time":"2025-01-02T10:20:07.033Z","v":0}
{"name":"hexo","hostname":"Gs-MacBook-Pro","pid":55092,"level":20,"msg":"Processed: \u001b[35mlayout/_partial/post/share.ejs\u001b[39m","time":"2025-01-02T10:20:07.033Z","v":0}
{"name":"hexo","hostname":"Gs-MacBook-Pro","pid":55092,"level":20,"msg":"Processed: \u001b[35mlayout/_partial/post/tag.ejs\u001b[39m","time":"2025-01-02T10:20:07.033Z","v":0}
{"name":"hexo","hostname":"Gs-MacBook-Pro","pid":55092,"level":20,"msg":"Processed: \u001b[35mlayout/_partial/post/title.ejs\u001b[39m","time":"2025-01-02T10:20:07.033Z","v":0}
{"name":"hexo","hostname":"Gs-MacBook-Pro","pid":55092,"level":20,"msg":"Processed: \u001b[35msource/lib/font-awesome/webfonts/fa-brands-400.eot\u001b[39m","time":"2025-01-02T10:20:07.034Z","v":0}
{"name":"hexo","hostname":"Gs-MacBook-Pro","pid":55092,"level":20,"msg":"Processed: \u001b[35msource/lib/font-awesome/webfonts/fa-brands-400.ttf\u001b[39m","time":"2025-01-02T10:20:07.034Z","v":0}
{"name":"hexo","hostname":"Gs-MacBook-Pro","pid":55092,"level":20,"msg":"Processed: \u001b[35msource/lib/font-awesome/webfonts/fa-regular-400.svg\u001b[39m","time":"2025-01-02T10:20:07.034Z","v":0}
{"name":"hexo","hostname":"Gs-MacBook-Pro","pid":55092,"level":20,"msg":"Processed: \u001b[35msource/lib/font-awesome/webfonts/fa-solid-900.eot\u001b[39m","time":"2025-01-02T10:20:07.034Z","v":0}
{"name":"hexo","hostname":"Gs-MacBook-Pro","pid":55092,"level":20,"msg":"Processed: \u001b[35msource/lib/font-awesome/webfonts/fa-solid-900.ttf\u001b[39m","time":"2025-01-02T10:20:07.034Z","v":0}
{"name":"hexo","hostname":"Gs-MacBook-Pro","pid":55092,"level":20,"msg":"Processed: \u001b[35msource/lib/meslo-LG/MesloLGL-BoldItalic.ttf\u001b[39m","time":"2025-01-02T10:20:07.034Z","v":0}
{"name":"hexo","hostname":"Gs-MacBook-Pro","pid":55092,"level":20,"msg":"Processed: \u001b[35msource/lib/meslo-LG/MesloLGM-BoldItalic.ttf\u001b[39m","time":"2025-01-02T10:20:07.035Z","v":0}
{"name":"hexo","hostname":"Gs-MacBook-Pro","pid":55092,"level":20,"msg":"Processed: \u001b[35msource/lib/meslo-LG/MesloLGS-BoldItalic.ttf\u001b[39m","time":"2025-01-02T10:20:07.035Z","v":0}
{"name":"hexo","hostname":"Gs-MacBook-Pro","pid":55092,"level":20,"msg":"Processed: \u001b[35msource/lib/meslo-LG/MesloLGL-Italic.ttf\u001b[39m","time":"2025-01-02T10:20:07.035Z","v":0}
{"name":"hexo","hostname":"Gs-MacBook-Pro","pid":55092,"level":20,"msg":"Processed: \u001b[35msource/lib/meslo-LG/MesloLGM-Italic.ttf\u001b[39m","time":"2025-01-02T10:20:07.035Z","v":0}
{"name":"hexo","hostname":"Gs-MacBook-Pro","pid":55092,"level":20,"msg":"Processed: \u001b[35msource/lib/meslo-LG/MesloLGS-Italic.ttf\u001b[39m","time":"2025-01-02T10:20:07.035Z","v":0}
{"name":"hexo","hostname":"Gs-MacBook-Pro","pid":55092,"level":20,"msg":"Processed: \u001b[35msource/lib/meslo-LG/MesloLGL-Bold.ttf\u001b[39m","time":"2025-01-02T10:20:07.035Z","v":0}
{"name":"hexo","hostname":"Gs-MacBook-Pro","pid":55092,"level":20,"msg":"Processed: \u001b[35msource/lib/meslo-LG/MesloLGL-Regular.ttf\u001b[39m","time":"2025-01-02T10:20:07.035Z","v":0}
{"name":"hexo","hostname":"Gs-MacBook-Pro","pid":55092,"level":20,"msg":"Processed: \u001b[35msource/lib/meslo-LG/MesloLGM-Bold.ttf\u001b[39m","time":"2025-01-02T10:20:07.035Z","v":0}
{"name":"hexo","hostname":"Gs-MacBook-Pro","pid":55092,"level":20,"msg":"Processed: \u001b[35msource/lib/meslo-LG/MesloLGM-Regular.ttf\u001b[39m","time":"2025-01-02T10:20:07.035Z","v":0}
{"name":"hexo","hostname":"Gs-MacBook-Pro","pid":55092,"level":20,"msg":"Processed: \u001b[35msource/lib/meslo-LG/MesloLGS-Bold.ttf\u001b[39m","time":"2025-01-02T10:20:07.035Z","v":0}
{"name":"hexo","hostname":"Gs-MacBook-Pro","pid":55092,"level":20,"msg":"Processed: \u001b[35msource/lib/meslo-LG/MesloLGS-Regular.ttf\u001b[39m","time":"2025-01-02T10:20:07.035Z","v":0}
{"name":"hexo","hostname":"Gs-MacBook-Pro","pid":55092,"level":20,"msg":"Processed: \u001b[35msource/lib/font-awesome/webfonts/fa-brands-400.svg\u001b[39m","time":"2025-01-02T10:20:07.036Z","v":0}
{"name":"hexo","hostname":"Gs-MacBook-Pro","pid":55092,"level":20,"msg":"Processed: \u001b[35msource/lib/font-awesome/webfonts/fa-solid-900.svg\u001b[39m","time":"2025-01-02T10:20:07.036Z","v":0}
{"name":"hexo","hostname":"Gs-MacBook-Pro","pid":55092,"level":20,"msg":"Rendering post: \u001b[35m/Users/gm/Documents/GitHub/ectinge/russell/source/_posts/。.md\u001b[39m","time":"2025-01-02T10:20:07.038Z","v":0}
{"name":"hexo","hostname":"Gs-MacBook-Pro","pid":55092,"level":20,"msg":"Rendering post: \u001b[35m/Users/gm/Documents/GitHub/ectinge/russell/source/_posts/虚拟.md\u001b[39m","time":"2025-01-02T10:20:07.038Z","v":0}
{"name":"hexo","hostname":"Gs-MacBook-Pro","pid":55092,"level":20,"msg":"Rendering post: \u001b[35m/Users/gm/Documents/GitHub/ectinge/russell/source/_posts/看不顺眼.md\u001b[39m","time":"2025-01-02T10:20:07.038Z","v":0}
{"name":"hexo","hostname":"Gs-MacBook-Pro","pid":55092,"level":20,"msg":"Generator: \u001b[35mpage\u001b[39m","time":"2025-01-02T10:20:07.050Z","v":0}
{"name":"hexo","hostname":"Gs-MacBook-Pro","pid":55092,"level":20,"msg":"Generator: \u001b[35mpost\u001b[39m","time":"2025-01-02T10:20:07.050Z","v":0}
{"name":"hexo","hostname":"Gs-MacBook-Pro","pid":55092,"level":20,"msg":"Generator: \u001b[35marchive\u001b[39m","time":"2025-01-02T10:20:07.050Z","v":0}
{"name":"hexo","hostname":"Gs-MacBook-Pro","pid":55092,"level":20,"msg":"Generator: \u001b[35mhexo-blog-encrypt\u001b[39m","time":"2025-01-02T10:20:07.050Z","v":0}
{"name":"hexo","hostname":"Gs-MacBook-Pro","pid":55092,"level":20,"msg":"Generator: \u001b[35mcategory\u001b[39m","time":"2025-01-02T10:20:07.051Z","v":0}
{"name":"hexo","hostname":"Gs-MacBook-Pro","pid":55092,"level":20,"msg":"Generator: \u001b[35mindex\u001b[39m","time":"2025-01-02T10:20:07.051Z","v":0}
{"name":"hexo","hostname":"Gs-MacBook-Pro","pid":55092,"level":20,"msg":"Generator: \u001b[35mtag\u001b[39m","time":"2025-01-02T10:20:07.051Z","v":0}
{"name":"hexo","hostname":"Gs-MacBook-Pro","pid":55092,"level":20,"msg":"Generator: \u001b[35masset\u001b[39m","time":"2025-01-02T10:20:07.051Z","v":0}
{"name":"hexo","hostname":"Gs-MacBook-Pro","pid":55092,"level":30,"msg":"Files loaded in \u001b[36m95 ms\u001b[39m","time":"2025-01-02T10:20:07.054Z","v":0}
{"name":"hexo","hostname":"Gs-MacBook-Pro","pid":55092,"level":20,"msg":"Rendering HTML post: \u001b[35m2030/01/16/。/index.html\u001b[39m","time":"2025-01-02T10:20:07.058Z","v":0}
{"name":"hexo","hostname":"Gs-MacBook-Pro","pid":55092,"level":20,"msg":"Rendering HTML post: \u001b[35m2029/06/30/虚拟/index.html\u001b[39m","time":"2025-01-02T10:20:07.060Z","v":0}
{"name":"hexo","hostname":"Gs-MacBook-Pro","pid":55092,"level":20,"msg":"Rendering HTML post: \u001b[35m2029/04/21/看不顺眼/index.html\u001b[39m","time":"2025-01-02T10:20:07.060Z","v":0}
{"name":"hexo","hostname":"Gs-MacBook-Pro","pid":55092,"level":20,"msg":"Rendering HTML archive: \u001b[35marchives/index.html\u001b[39m","time":"2025-01-02T10:20:07.061Z","v":0}
{"name":"hexo","hostname":"Gs-MacBook-Pro","pid":55092,"level":20,"msg":"Rendering HTML archive: \u001b[35marchives/2029/index.html\u001b[39m","time":"2025-01-02T10:20:07.061Z","v":0}
{"name":"hexo","hostname":"Gs-MacBook-Pro","pid":55092,"level":20,"msg":"Rendering HTML archive: \u001b[35marchives/2029/04/index.html\u001b[39m","time":"2025-01-02T10:20:07.062Z","v":0}
{"name":"hexo","hostname":"Gs-MacBook-Pro","pid":55092,"level":20,"msg":"Rendering HTML archive: \u001b[35marchives/2029/06/index.html\u001b[39m","time":"2025-01-02T10:20:07.062Z","v":0}
{"name":"hexo","hostname":"Gs-MacBook-Pro","pid":55092,"level":20,"msg":"Rendering HTML archive: \u001b[35marchives/2030/index.html\u001b[39m","time":"2025-01-02T10:20:07.062Z","v":0}
{"name":"hexo","hostname":"Gs-MacBook-Pro","pid":55092,"level":20,"msg":"Rendering HTML archive: \u001b[35marchives/2030/01/index.html\u001b[39m","time":"2025-01-02T10:20:07.062Z","v":0}
{"name":"hexo","hostname":"Gs-MacBook-Pro","pid":55092,"level":20,"msg":"Rendering HTML index: \u001b[35mindex.html\u001b[39m","time":"2025-01-02T10:20:07.062Z","v":0}
{"name":"hexo","hostname":"Gs-MacBook-Pro","pid":55092,"level":30,"msg":"Generated: \u001b[35mindex.html\u001b[39m","time":"2025-01-02T10:20:07.150Z","v":0}
{"name":"hexo","hostname":"Gs-MacBook-Pro","pid":55092,"level":30,"msg":"Generated: \u001b[35marchives/index.html\u001b[39m","time":"2025-01-02T10:20:07.153Z","v":0}
{"name":"hexo","hostname":"Gs-MacBook-Pro","pid":55092,"level":30,"msg":"Generated: \u001b[35mimages/apple-touch-icon.png\u001b[39m","time":"2025-01-02T10:20:07.154Z","v":0}
{"name":"hexo","hostname":"Gs-MacBook-Pro","pid":55092,"level":30,"msg":"Generated: \u001b[35mimages/favicon.ico\u001b[39m","time":"2025-01-02T10:20:07.154Z","v":0}
{"name":"hexo","hostname":"Gs-MacBook-Pro","pid":55092,"level":30,"msg":"Generated: \u001b[35mimages/favicon-192x192.png\u001b[39m","time":"2025-01-02T10:20:07.154Z","v":0}
{"name":"hexo","hostname":"Gs-MacBook-Pro","pid":55092,"level":30,"msg":"Generated: \u001b[35marchives/2030/01/index.html\u001b[39m","time":"2025-01-02T10:20:07.155Z","v":0}
{"name":"hexo","hostname":"Gs-MacBook-Pro","pid":55092,"level":30,"msg":"Generated: \u001b[35mcss/hbe.style.css\u001b[39m","time":"2025-01-02T10:20:07.155Z","v":0}
{"name":"hexo","hostname":"Gs-MacBook-Pro","pid":55092,"level":30,"msg":"Generated: \u001b[35marchives/2029/04/index.html\u001b[39m","time":"2025-01-02T10:20:07.155Z","v":0}
{"name":"hexo","hostname":"Gs-MacBook-Pro","pid":55092,"level":30,"msg":"Generated: \u001b[35marchives/2029/06/index.html\u001b[39m","time":"2025-01-02T10:20:07.155Z","v":0}
{"name":"hexo","hostname":"Gs-MacBook-Pro","pid":55092,"level":30,"msg":"Generated: \u001b[35mlib/hbe.js\u001b[39m","time":"2025-01-02T10:20:07.155Z","v":0}
{"name":"hexo","hostname":"Gs-MacBook-Pro","pid":55092,"level":30,"msg":"Generated: \u001b[35marchives/2029/index.html\u001b[39m","time":"2025-01-02T10:20:07.155Z","v":0}
{"name":"hexo","hostname":"Gs-MacBook-Pro","pid":55092,"level":30,"msg":"Generated: \u001b[35marchives/2030/index.html\u001b[39m","time":"2025-01-02T10:20:07.155Z","v":0}
{"name":"hexo","hostname":"Gs-MacBook-Pro","pid":55092,"level":30,"msg":"Generated: \u001b[35mlib/vazir-font/Vazir-Black.woff\u001b[39m","time":"2025-01-02T10:20:07.156Z","v":0}
{"name":"hexo","hostname":"Gs-MacBook-Pro","pid":55092,"level":30,"msg":"Generated: \u001b[35mjs/main.js\u001b[39m","time":"2025-01-02T10:20:07.157Z","v":0}
{"name":"hexo","hostname":"Gs-MacBook-Pro","pid":55092,"level":30,"msg":"Generated: \u001b[35mlib/clipboard/clipboard.min.js\u001b[39m","time":"2025-01-02T10:20:07.157Z","v":0}
{"name":"hexo","hostname":"Gs-MacBook-Pro","pid":55092,"level":30,"msg":"Generated: \u001b[35mlib/jquery/jquery.min.js\u001b[39m","time":"2025-01-02T10:20:07.157Z","v":0}
{"name":"hexo","hostname":"Gs-MacBook-Pro","pid":55092,"level":30,"msg":"Generated: \u001b[35mlib/vazir-font/font-face.css\u001b[39m","time":"2025-01-02T10:20:07.157Z","v":0}
{"name":"hexo","hostname":"Gs-MacBook-Pro","pid":55092,"level":30,"msg":"Generated: \u001b[35mlib/vazir-font/Vazir-Black.ttf\u001b[39m","time":"2025-01-02T10:20:07.157Z","v":0}
{"name":"hexo","hostname":"Gs-MacBook-Pro","pid":55092,"level":30,"msg":"Generated: \u001b[35mcss/style.css\u001b[39m","time":"2025-01-02T10:20:07.157Z","v":0}
{"name":"hexo","hostname":"Gs-MacBook-Pro","pid":55092,"level":30,"msg":"Generated: \u001b[35mlib/vazir-font/Vazir-Bold.eot\u001b[39m","time":"2025-01-02T10:20:07.157Z","v":0}
{"name":"hexo","hostname":"Gs-MacBook-Pro","pid":55092,"level":30,"msg":"Generated: \u001b[35mlib/vazir-font/Vazir-Light.eot\u001b[39m","time":"2025-01-02T10:20:07.157Z","v":0}
{"name":"hexo","hostname":"Gs-MacBook-Pro","pid":55092,"level":30,"msg":"Generated: \u001b[35mlib/vazir-font/Vazir-Bold.ttf\u001b[39m","time":"2025-01-02T10:20:07.157Z","v":0}
{"name":"hexo","hostname":"Gs-MacBook-Pro","pid":55092,"level":30,"msg":"Generated: \u001b[35mlib/vazir-font/Vazir-Light.ttf\u001b[39m","time":"2025-01-02T10:20:07.157Z","v":0}
{"name":"hexo","hostname":"Gs-MacBook-Pro","pid":55092,"level":30,"msg":"Generated: \u001b[35mlib/vazir-font/Vazir-Black.eot\u001b[39m","time":"2025-01-02T10:20:07.157Z","v":0}
{"name":"hexo","hostname":"Gs-MacBook-Pro","pid":55092,"level":30,"msg":"Generated: \u001b[35mjs/search.js\u001b[39m","time":"2025-01-02T10:20:07.157Z","v":0}
{"name":"hexo","hostname":"Gs-MacBook-Pro","pid":55092,"level":30,"msg":"Generated: \u001b[35mcss/rtl.css\u001b[39m","time":"2025-01-02T10:20:07.157Z","v":0}
{"name":"hexo","hostname":"Gs-MacBook-Pro","pid":55092,"level":30,"msg":"Generated: \u001b[35mlib/vazir-font/Vazir-Thin.ttf\u001b[39m","time":"2025-01-02T10:20:07.157Z","v":0}
{"name":"hexo","hostname":"Gs-MacBook-Pro","pid":55092,"level":30,"msg":"Generated: \u001b[35mlib/vazir-font/Vazir-Medium.ttf\u001b[39m","time":"2025-01-02T10:20:07.157Z","v":0}
{"name":"hexo","hostname":"Gs-MacBook-Pro","pid":55092,"level":30,"msg":"Generated: \u001b[35mlib/vazir-font/Vazir-Bold.woff2\u001b[39m","time":"2025-01-02T10:20:07.157Z","v":0}
{"name":"hexo","hostname":"Gs-MacBook-Pro","pid":55092,"level":30,"msg":"Generated: \u001b[35mlib/vazir-font/Vazir.eot\u001b[39m","time":"2025-01-02T10:20:07.157Z","v":0}
{"name":"hexo","hostname":"Gs-MacBook-Pro","pid":55092,"level":30,"msg":"Generated: \u001b[35mlib/vazir-font/Vazir-Medium.eot\u001b[39m","time":"2025-01-02T10:20:07.157Z","v":0}
{"name":"hexo","hostname":"Gs-MacBook-Pro","pid":55092,"level":30,"msg":"Generated: \u001b[35mlib/vazir-font/Vazir-Thin.woff\u001b[39m","time":"2025-01-02T10:20:07.157Z","v":0}
{"name":"hexo","hostname":"Gs-MacBook-Pro","pid":55092,"level":30,"msg":"Generated: \u001b[35mlib/vazir-font/Vazir-Thin.eot\u001b[39m","time":"2025-01-02T10:20:07.157Z","v":0}
{"name":"hexo","hostname":"Gs-MacBook-Pro","pid":55092,"level":30,"msg":"Generated: \u001b[35mlib/vazir-font/Vazir.ttf\u001b[39m","time":"2025-01-02T10:20:07.157Z","v":0}
{"name":"hexo","hostname":"Gs-MacBook-Pro","pid":55092,"level":30,"msg":"Generated: \u001b[35mlib/vazir-font/Vazir-Light.woff2\u001b[39m","time":"2025-01-02T10:20:07.157Z","v":0}
{"name":"hexo","hostname":"Gs-MacBook-Pro","pid":55092,"level":30,"msg":"Generated: \u001b[35mlib/vazir-font/Vazir-Medium.woff\u001b[39m","time":"2025-01-02T10:20:07.157Z","v":0}
{"name":"hexo","hostname":"Gs-MacBook-Pro","pid":55092,"level":30,"msg":"Generated: \u001b[35mlib/vazir-font/Vazir-Medium.woff2\u001b[39m","time":"2025-01-02T10:20:07.157Z","v":0}
{"name":"hexo","hostname":"Gs-MacBook-Pro","pid":55092,"level":30,"msg":"Generated: \u001b[35mlib/vazir-font/Vazir-Light.woff\u001b[39m","time":"2025-01-02T10:20:07.157Z","v":0}
{"name":"hexo","hostname":"Gs-MacBook-Pro","pid":55092,"level":30,"msg":"Generated: \u001b[35mlib/vazir-font/Vazir-Bold.woff\u001b[39m","time":"2025-01-02T10:20:07.157Z","v":0}
{"name":"hexo","hostname":"Gs-MacBook-Pro","pid":55092,"level":30,"msg":"Generated: \u001b[35mlib/vazir-font/Vazir-Black.woff2\u001b[39m","time":"2025-01-02T10:20:07.157Z","v":0}
{"name":"hexo","hostname":"Gs-MacBook-Pro","pid":55092,"level":30,"msg":"Generated: \u001b[35mlib/font-awesome/webfonts/fa-regular-400.eot\u001b[39m","time":"2025-01-02T10:20:07.157Z","v":0}
{"name":"hexo","hostname":"Gs-MacBook-Pro","pid":55092,"level":30,"msg":"Generated: \u001b[35mimages/logo.png\u001b[39m","time":"2025-01-02T10:20:07.157Z","v":0}
{"name":"hexo","hostname":"Gs-MacBook-Pro","pid":55092,"level":30,"msg":"Generated: \u001b[35mlib/font-awesome/webfonts/fa-brands-400.eot\u001b[39m","time":"2025-01-02T10:20:07.158Z","v":0}
{"name":"hexo","hostname":"Gs-MacBook-Pro","pid":55092,"level":30,"msg":"Generated: \u001b[35mlib/font-awesome/webfonts/fa-brands-400.ttf\u001b[39m","time":"2025-01-02T10:20:07.158Z","v":0}
{"name":"hexo","hostname":"Gs-MacBook-Pro","pid":55092,"level":30,"msg":"Generated: \u001b[35mlib/font-awesome/webfonts/fa-solid-900.eot\u001b[39m","time":"2025-01-02T10:20:07.158Z","v":0}
{"name":"hexo","hostname":"Gs-MacBook-Pro","pid":55092,"level":30,"msg":"Generated: \u001b[35mlib/font-awesome/webfonts/fa-regular-400.svg\u001b[39m","time":"2025-01-02T10:20:07.158Z","v":0}
{"name":"hexo","hostname":"Gs-MacBook-Pro","pid":55092,"level":30,"msg":"Generated: \u001b[35mlib/vazir-font/Vazir-Thin.woff2\u001b[39m","time":"2025-01-02T10:20:07.159Z","v":0}
{"name":"hexo","hostname":"Gs-MacBook-Pro","pid":55092,"level":30,"msg":"Generated: \u001b[35mlib/vazir-font/Vazir.woff2\u001b[39m","time":"2025-01-02T10:20:07.159Z","v":0}
{"name":"hexo","hostname":"Gs-MacBook-Pro","pid":55092,"level":30,"msg":"Generated: \u001b[35mlib/font-awesome/webfonts/fa-regular-400.woff\u001b[39m","time":"2025-01-02T10:20:07.159Z","v":0}
{"name":"hexo","hostname":"Gs-MacBook-Pro","pid":55092,"level":30,"msg":"Generated: \u001b[35mlib/vazir-font/Vazir.woff\u001b[39m","time":"2025-01-02T10:20:07.159Z","v":0}
{"name":"hexo","hostname":"Gs-MacBook-Pro","pid":55092,"level":30,"msg":"Generated: \u001b[35mlib/font-awesome/webfonts/fa-regular-400.ttf\u001b[39m","time":"2025-01-02T10:20:07.159Z","v":0}
{"name":"hexo","hostname":"Gs-MacBook-Pro","pid":55092,"level":30,"msg":"Generated: \u001b[35mlib/font-awesome/webfonts/fa-solid-900.ttf\u001b[39m","time":"2025-01-02T10:20:07.159Z","v":0}
{"name":"hexo","hostname":"Gs-MacBook-Pro","pid":55092,"level":30,"msg":"Generated: \u001b[35mlib/font-awesome/webfonts/fa-regular-400.woff2\u001b[39m","time":"2025-01-02T10:20:07.159Z","v":0}
{"name":"hexo","hostname":"Gs-MacBook-Pro","pid":55092,"level":30,"msg":"Generated: \u001b[35mlib/justified-gallery/css/justifiedGallery.min.css\u001b[39m","time":"2025-01-02T10:20:07.159Z","v":0}
{"name":"hexo","hostname":"Gs-MacBook-Pro","pid":55092,"level":30,"msg":"Generated: \u001b[35mlib/justified-gallery/js/jquery.justifiedGallery.min.js\u001b[39m","time":"2025-01-02T10:20:07.159Z","v":0}
{"name":"hexo","hostname":"Gs-MacBook-Pro","pid":55092,"level":30,"msg":"Generated: \u001b[35mlib/font-awesome/css/all.min.css\u001b[39m","time":"2025-01-02T10:20:07.159Z","v":0}
{"name":"hexo","hostname":"Gs-MacBook-Pro","pid":55092,"level":30,"msg":"Generated: \u001b[35mlib/font-awesome/webfonts/fa-brands-400.woff\u001b[39m","time":"2025-01-02T10:20:07.159Z","v":0}
{"name":"hexo","hostname":"Gs-MacBook-Pro","pid":55092,"level":30,"msg":"Generated: \u001b[35mlib/font-awesome/webfonts/fa-brands-400.woff2\u001b[39m","time":"2025-01-02T10:20:07.159Z","v":0}
{"name":"hexo","hostname":"Gs-MacBook-Pro","pid":55092,"level":30,"msg":"Generated: \u001b[35mlib/font-awesome/webfonts/fa-solid-900.woff2\u001b[39m","time":"2025-01-02T10:20:07.159Z","v":0}
{"name":"hexo","hostname":"Gs-MacBook-Pro","pid":55092,"level":30,"msg":"Generated: \u001b[35mlib/font-awesome/webfonts/fa-solid-900.woff\u001b[39m","time":"2025-01-02T10:20:07.159Z","v":0}
{"name":"hexo","hostname":"Gs-MacBook-Pro","pid":55092,"level":30,"msg":"Generated: \u001b[35m2030/01/16/。/index.html\u001b[39m","time":"2025-01-02T10:20:07.159Z","v":0}
{"name":"hexo","hostname":"Gs-MacBook-Pro","pid":55092,"level":30,"msg":"Generated: \u001b[35m2029/04/21/看不顺眼/index.html\u001b[39m","time":"2025-01-02T10:20:07.159Z","v":0}
{"name":"hexo","hostname":"Gs-MacBook-Pro","pid":55092,"level":30,"msg":"Generated: \u001b[35m2029/06/30/虚拟/index.html\u001b[39m","time":"2025-01-02T10:20:07.160Z","v":0}
{"name":"hexo","hostname":"Gs-MacBook-Pro","pid":55092,"level":30,"msg":"Generated: \u001b[35mlib/meslo-LG/MesloLGL-BoldItalic.ttf\u001b[39m","time":"2025-01-02T10:20:07.160Z","v":0}
{"name":"hexo","hostname":"Gs-MacBook-Pro","pid":55092,"level":30,"msg":"Generated: \u001b[35mlib/meslo-LG/MesloLGM-BoldItalic.ttf\u001b[39m","time":"2025-01-02T10:20:07.160Z","v":0}
{"name":"hexo","hostname":"Gs-MacBook-Pro","pid":55092,"level":30,"msg":"Generated: \u001b[35mlib/meslo-LG/MesloLGS-BoldItalic.ttf\u001b[39m","time":"2025-01-02T10:20:07.162Z","v":0}
{"name":"hexo","hostname":"Gs-MacBook-Pro","pid":55092,"level":30,"msg":"Generated: \u001b[35mlib/meslo-LG/MesloLGM-Italic.ttf\u001b[39m","time":"2025-01-02T10:20:07.163Z","v":0}
{"name":"hexo","hostname":"Gs-MacBook-Pro","pid":55092,"level":30,"msg":"Generated: \u001b[35mlib/meslo-LG/MesloLGS-Italic.ttf\u001b[39m","time":"2025-01-02T10:20:07.164Z","v":0}
{"name":"hexo","hostname":"Gs-MacBook-Pro","pid":55092,"level":30,"msg":"Generated: \u001b[35mlib/meslo-LG/MesloLGM-Bold.ttf\u001b[39m","time":"2025-01-02T10:20:07.164Z","v":0}
{"name":"hexo","hostname":"Gs-MacBook-Pro","pid":55092,"level":30,"msg":"Generated: \u001b[35mlib/meslo-LG/MesloLGL-Italic.ttf\u001b[39m","time":"2025-01-02T10:20:07.165Z","v":0}
{"name":"hexo","hostname":"Gs-MacBook-Pro","pid":55092,"level":30,"msg":"Generated: \u001b[35mlib/meslo-LG/MesloLGL-Bold.ttf\u001b[39m","time":"2025-01-02T10:20:07.165Z","v":0}
{"name":"hexo","hostname":"Gs-MacBook-Pro","pid":55092,"level":30,"msg":"Generated: \u001b[35mlib/font-awesome/webfonts/fa-brands-400.svg\u001b[39m","time":"2025-01-02T10:20:07.165Z","v":0}
{"name":"hexo","hostname":"Gs-MacBook-Pro","pid":55092,"level":30,"msg":"Generated: \u001b[35mlib/meslo-LG/MesloLGM-Regular.ttf\u001b[39m","time":"2025-01-02T10:20:07.165Z","v":0}
{"name":"hexo","hostname":"Gs-MacBook-Pro","pid":55092,"level":30,"msg":"Generated: \u001b[35mlib/meslo-LG/MesloLGS-Regular.ttf\u001b[39m","time":"2025-01-02T10:20:07.165Z","v":0}
{"name":"hexo","hostname":"Gs-MacBook-Pro","pid":55092,"level":30,"msg":"Generated: \u001b[35mlib/meslo-LG/MesloLGL-Regular.ttf\u001b[39m","time":"2025-01-02T10:20:07.165Z","v":0}
{"name":"hexo","hostname":"Gs-MacBook-Pro","pid":55092,"level":30,"msg":"Generated: \u001b[35mlib/font-awesome/webfonts/fa-solid-900.svg\u001b[39m","time":"2025-01-02T10:20:07.168Z","v":0}
{"name":"hexo","hostname":"Gs-MacBook-Pro","pid":55092,"level":30,"msg":"Generated: \u001b[35mlib/meslo-LG/MesloLGS-Bold.ttf\u001b[39m","time":"2025-01-02T10:20:07.169Z","v":0}
{"name":"hexo","hostname":"Gs-MacBook-Pro","pid":55092,"level":30,"msg":"77 files generated in \u001b[36m115 ms\u001b[39m","time":"2025-01-02T10:20:07.169Z","v":0}
{"name":"hexo","hostname":"Gs-MacBook-Pro","pid":55092,"level":20,"msg":"Database saved","time":"2025-01-02T10:20:07.171Z","v":0}
{"name":"hexo","hostname":"Gs-MacBook-Pro","pid":55150,"level":20,"msg":"Writing database to /Users/gm/Documents/GitHub/ectinge/russell/db.json","time":"2025-01-02T10:21:13.137Z","v":0}
{"name":"hexo","hostname":"Gs-MacBook-Pro","pid":55150,"level":20,"msg":"Hexo version: \u001b[35m4.2.1\u001b[39m","time":"2025-01-02T10:21:13.141Z","v":0}
{"name":"hexo","hostname":"Gs-MacBook-Pro","pid":55150,"level":20,"msg":"Working directory: \u001b[35m~/Documents/GitHub/ectinge/russell/\u001b[39m","time":"2025-01-02T10:21:13.141Z","v":0}
{"name":"hexo","hostname":"Gs-MacBook-Pro","pid":55150,"level":20,"msg":"Config loaded: \u001b[35m~/Documents/GitHub/ectinge/russell/_config.yml\u001b[39m","time":"2025-01-02T10:21:13.166Z","v":0}
{"name":"hexo","hostname":"Gs-MacBook-Pro","pid":55150,"level":20,"msg":"Plugin loaded: \u001b[35mhexo-blog-encrypt\u001b[39m","time":"2025-01-02T10:21:13.171Z","v":0}
{"name":"hexo","hostname":"Gs-MacBook-Pro","pid":55150,"level":20,"msg":"Plugin loaded: \u001b[35mhexo-generator-archive\u001b[39m","time":"2025-01-02T10:21:13.172Z","v":0}
{"name":"hexo","hostname":"Gs-MacBook-Pro","pid":55150,"level":20,"msg":"Plugin loaded: \u001b[35mhexo-generator-category\u001b[39m","time":"2025-01-02T10:21:13.172Z","v":0}
{"name":"hexo","hostname":"Gs-MacBook-Pro","pid":55150,"level":20,"msg":"Plugin loaded: \u001b[35mhexo-generator-index\u001b[39m","time":"2025-01-02T10:21:13.172Z","v":0}
{"name":"hexo","hostname":"Gs-MacBook-Pro","pid":55150,"level":20,"msg":"Plugin loaded: \u001b[35mhexo-renderer-ejs\u001b[39m","time":"2025-01-02T10:21:13.173Z","v":0}
{"name":"hexo","hostname":"Gs-MacBook-Pro","pid":55150,"level":20,"msg":"Plugin loaded: \u001b[35mhexo-renderer-marked\u001b[39m","time":"2025-01-02T10:21:13.185Z","v":0}
{"name":"hexo","hostname":"Gs-MacBook-Pro","pid":55150,"level":20,"msg":"Plugin loaded: \u001b[35mhexo-generator-tag\u001b[39m","time":"2025-01-02T10:21:13.185Z","v":0}
{"name":"hexo","hostname":"Gs-MacBook-Pro","pid":55150,"level":20,"msg":"Plugin loaded: \u001b[35mhexo-deployer-git\u001b[39m","time":"2025-01-02T10:21:13.186Z","v":0}
{"name":"hexo","hostname":"Gs-MacBook-Pro","pid":55150,"level":20,"msg":"Plugin loaded: \u001b[35mhexo-renderer-stylus\u001b[39m","time":"2025-01-02T10:21:13.206Z","v":0}
{"name":"hexo","hostname":"Gs-MacBook-Pro","pid":55150,"level":20,"msg":"Plugin loaded: \u001b[35mhexo-server\u001b[39m","time":"2025-01-02T10:21:13.226Z","v":0}
{"name":"hexo","hostname":"Gs-MacBook-Pro","pid":55150,"level":20,"msg":"Script loaded: \u001b[35mthemes/cactus/scripts/merge-configs.js\u001b[39m","time":"2025-01-02T10:21:13.229Z","v":0}
{"name":"hexo","hostname":"Gs-MacBook-Pro","pid":55150,"level":20,"msg":"Script loaded: \u001b[35mthemes/cactus/scripts/meta.js\u001b[39m","time":"2025-01-02T10:21:13.229Z","v":0}
{"name":"hexo","hostname":"Gs-MacBook-Pro","pid":55150,"level":20,"msg":"Script loaded: \u001b[35mthemes/cactus/scripts/thumbnail.js\u001b[39m","time":"2025-01-02T10:21:13.229Z","v":0}
{"name":"hexo","hostname":"Gs-MacBook-Pro","pid":55150,"level":20,"msg":"Script loaded: \u001b[35mthemes/cactus/scripts/page_title.js\u001b[39m","time":"2025-01-02T10:21:13.229Z","v":0}
{"name":"hexo","hostname":"Gs-MacBook-Pro","pid":55150,"level":30,"msg":"Start processing","time":"2025-01-02T10:21:13.230Z","v":0}
{"name":"hexo","hostname":"Gs-MacBook-Pro","pid":55150,"level":20,"msg":"Theme config loaded.","time":"2025-01-02T10:21:13.266Z","v":0}
{"name":"hexo","hostname":"Gs-MacBook-Pro","pid":55150,"level":20,"msg":"Processed: \u001b[35m_config.yml\u001b[39m","time":"2025-01-02T10:21:13.267Z","v":0}
{"name":"hexo","hostname":"Gs-MacBook-Pro","pid":55150,"level":20,"msg":"Processed: \u001b[35msource/css/rtl.styl\u001b[39m","time":"2025-01-02T10:21:13.268Z","v":0}
{"name":"hexo","hostname":"Gs-MacBook-Pro","pid":55150,"level":20,"msg":"Processed: \u001b[35msource/css/style.styl\u001b[39m","time":"2025-01-02T10:21:13.268Z","v":0}
{"name":"hexo","hostname":"Gs-MacBook-Pro","pid":55150,"level":20,"msg":"Processed: \u001b[35msource/js/main.js\u001b[39m","time":"2025-01-02T10:21:13.268Z","v":0}
{"name":"hexo","hostname":"Gs-MacBook-Pro","pid":55150,"level":20,"msg":"Processed: \u001b[35msource/js/search.js\u001b[39m","time":"2025-01-02T10:21:13.268Z","v":0}
{"name":"hexo","hostname":"Gs-MacBook-Pro","pid":55150,"level":20,"msg":"Processed: \u001b[35msource/images/apple-touch-icon.png\u001b[39m","time":"2025-01-02T10:21:13.268Z","v":0}
{"name":"hexo","hostname":"Gs-MacBook-Pro","pid":55150,"level":20,"msg":"Processed: \u001b[35msource/images/favicon-192x192.png\u001b[39m","time":"2025-01-02T10:21:13.269Z","v":0}
{"name":"hexo","hostname":"Gs-MacBook-Pro","pid":55150,"level":20,"msg":"Processed: \u001b[35msource/images/favicon.ico\u001b[39m","time":"2025-01-02T10:21:13.269Z","v":0}
{"name":"hexo","hostname":"Gs-MacBook-Pro","pid":55150,"level":20,"msg":"Processed: \u001b[35m_posts/。.md\u001b[39m","time":"2025-01-02T10:21:13.275Z","v":0}
{"name":"hexo","hostname":"Gs-MacBook-Pro","pid":55150,"level":20,"msg":"Processed: \u001b[35m_posts/看不顺眼.md\u001b[39m","time":"2025-01-02T10:21:13.275Z","v":0}
{"name":"hexo","hostname":"Gs-MacBook-Pro","pid":55150,"level":20,"msg":"Processed: \u001b[35m_posts/虚拟.md\u001b[39m","time":"2025-01-02T10:21:13.275Z","v":0}
{"name":"hexo","hostname":"Gs-MacBook-Pro","pid":55150,"level":20,"msg":"Processed: \u001b[35mlayout/archive.ejs\u001b[39m","time":"2025-01-02T10:21:13.290Z","v":0}
{"name":"hexo","hostname":"Gs-MacBook-Pro","pid":55150,"level":20,"msg":"Processed: \u001b[35mlayout/layout.ejs\u001b[39m","time":"2025-01-02T10:21:13.291Z","v":0}
{"name":"hexo","hostname":"Gs-MacBook-Pro","pid":55150,"level":20,"msg":"Processed: \u001b[35mlayout/page.ejs\u001b[39m","time":"2025-01-02T10:21:13.291Z","v":0}
{"name":"hexo","hostname":"Gs-MacBook-Pro","pid":55150,"level":20,"msg":"Processed: \u001b[35mlayout/index.ejs\u001b[39m","time":"2025-01-02T10:21:13.291Z","v":0}
{"name":"hexo","hostname":"Gs-MacBook-Pro","pid":55150,"level":20,"msg":"Processed: \u001b[35mlanguages/ca.yml\u001b[39m","time":"2025-01-02T10:21:13.291Z","v":0}
{"name":"hexo","hostname":"Gs-MacBook-Pro","pid":55150,"level":20,"msg":"Processed: \u001b[35mlanguages/default.yml\u001b[39m","time":"2025-01-02T10:21:13.291Z","v":0}
{"name":"hexo","hostname":"Gs-MacBook-Pro","pid":55150,"level":20,"msg":"Processed: \u001b[35mlanguages/es.yml\u001b[39m","time":"2025-01-02T10:21:13.291Z","v":0}
{"name":"hexo","hostname":"Gs-MacBook-Pro","pid":55150,"level":20,"msg":"Processed: \u001b[35mlanguages/en.yml\u001b[39m","time":"2025-01-02T10:21:13.291Z","v":0}
{"name":"hexo","hostname":"Gs-MacBook-Pro","pid":55150,"level":20,"msg":"Processed: \u001b[35mlanguages/fa.yml\u001b[39m","time":"2025-01-02T10:21:13.291Z","v":0}
{"name":"hexo","hostname":"Gs-MacBook-Pro","pid":55150,"level":20,"msg":"Processed: \u001b[35mlanguages/fr.yml\u001b[39m","time":"2025-01-02T10:21:13.291Z","v":0}
{"name":"hexo","hostname":"Gs-MacBook-Pro","pid":55150,"level":20,"msg":"Processed: \u001b[35mlanguages/it.yml\u001b[39m","time":"2025-01-02T10:21:13.291Z","v":0}
{"name":"hexo","hostname":"Gs-MacBook-Pro","pid":55150,"level":20,"msg":"Processed: \u001b[35mlanguages/kr.yml\u001b[39m","time":"2025-01-02T10:21:13.292Z","v":0}
{"name":"hexo","hostname":"Gs-MacBook-Pro","pid":55150,"level":20,"msg":"Processed: \u001b[35mlanguages/nl.yml\u001b[39m","time":"2025-01-02T10:21:13.292Z","v":0}
{"name":"hexo","hostname":"Gs-MacBook-Pro","pid":55150,"level":20,"msg":"Processed: \u001b[35mlanguages/pt-br.yml\u001b[39m","time":"2025-01-02T10:21:13.292Z","v":0}
{"name":"hexo","hostname":"Gs-MacBook-Pro","pid":55150,"level":20,"msg":"Processed: \u001b[35mlanguages/ru.yml\u001b[39m","time":"2025-01-02T10:21:13.292Z","v":0}
{"name":"hexo","hostname":"Gs-MacBook-Pro","pid":55150,"level":20,"msg":"Processed: \u001b[35mlanguages/pl.yml\u001b[39m","time":"2025-01-02T10:21:13.292Z","v":0}
{"name":"hexo","hostname":"Gs-MacBook-Pro","pid":55150,"level":20,"msg":"Processed: \u001b[35mlanguages/tr.yml\u001b[39m","time":"2025-01-02T10:21:13.292Z","v":0}
{"name":"hexo","hostname":"Gs-MacBook-Pro","pid":55150,"level":20,"msg":"Processed: \u001b[35mlanguages/zh-TW.yml\u001b[39m","time":"2025-01-02T10:21:13.292Z","v":0}
{"name":"hexo","hostname":"Gs-MacBook-Pro","pid":55150,"level":20,"msg":"Processed: \u001b[35mlanguages/zh-CN.yml\u001b[39m","time":"2025-01-02T10:21:13.292Z","v":0}
{"name":"hexo","hostname":"Gs-MacBook-Pro","pid":55150,"level":20,"msg":"Processed: \u001b[35mlanguages/vi.yml\u001b[39m","time":"2025-01-02T10:21:13.292Z","v":0}
{"name":"hexo","hostname":"Gs-MacBook-Pro","pid":55150,"level":20,"msg":"Processed: \u001b[35msource/lib/clipboard/clipboard.min.js\u001b[39m","time":"2025-01-02T10:21:13.295Z","v":0}
{"name":"hexo","hostname":"Gs-MacBook-Pro","pid":55150,"level":20,"msg":"Processed: \u001b[35msource/lib/vazir-font/Vazir-Black.woff\u001b[39m","time":"2025-01-02T10:21:13.295Z","v":0}
{"name":"hexo","hostname":"Gs-MacBook-Pro","pid":55150,"level":20,"msg":"Processed: \u001b[35msource/lib/vazir-font/Vazir-Black.woff2\u001b[39m","time":"2025-01-02T10:21:13.295Z","v":0}
{"name":"hexo","hostname":"Gs-MacBook-Pro","pid":55150,"level":20,"msg":"Processed: \u001b[35msource/lib/vazir-font/Vazir-Bold.woff\u001b[39m","time":"2025-01-02T10:21:13.295Z","v":0}
{"name":"hexo","hostname":"Gs-MacBook-Pro","pid":55150,"level":20,"msg":"Processed: \u001b[35msource/lib/vazir-font/Vazir-Bold.woff2\u001b[39m","time":"2025-01-02T10:21:13.295Z","v":0}
{"name":"hexo","hostname":"Gs-MacBook-Pro","pid":55150,"level":20,"msg":"Processed: \u001b[35msource/lib/vazir-font/Vazir-Light.woff\u001b[39m","time":"2025-01-02T10:21:13.295Z","v":0}
{"name":"hexo","hostname":"Gs-MacBook-Pro","pid":55150,"level":20,"msg":"Processed: \u001b[35msource/lib/vazir-font/Vazir-Light.woff2\u001b[39m","time":"2025-01-02T10:21:13.295Z","v":0}
{"name":"hexo","hostname":"Gs-MacBook-Pro","pid":55150,"level":20,"msg":"Processed: \u001b[35msource/lib/vazir-font/Vazir-Medium.woff\u001b[39m","time":"2025-01-02T10:21:13.295Z","v":0}
{"name":"hexo","hostname":"Gs-MacBook-Pro","pid":55150,"level":20,"msg":"Processed: \u001b[35msource/lib/vazir-font/Vazir-Medium.woff2\u001b[39m","time":"2025-01-02T10:21:13.295Z","v":0}
{"name":"hexo","hostname":"Gs-MacBook-Pro","pid":55150,"level":20,"msg":"Processed: \u001b[35msource/lib/vazir-font/Vazir-Thin.woff2\u001b[39m","time":"2025-01-02T10:21:13.296Z","v":0}
{"name":"hexo","hostname":"Gs-MacBook-Pro","pid":55150,"level":20,"msg":"Processed: \u001b[35msource/lib/vazir-font/Vazir-Thin.woff\u001b[39m","time":"2025-01-02T10:21:13.296Z","v":0}
{"name":"hexo","hostname":"Gs-MacBook-Pro","pid":55150,"level":20,"msg":"Processed: \u001b[35msource/lib/vazir-font/Vazir.woff\u001b[39m","time":"2025-01-02T10:21:13.296Z","v":0}
{"name":"hexo","hostname":"Gs-MacBook-Pro","pid":55150,"level":20,"msg":"Processed: \u001b[35msource/lib/vazir-font/Vazir.woff2\u001b[39m","time":"2025-01-02T10:21:13.296Z","v":0}
{"name":"hexo","hostname":"Gs-MacBook-Pro","pid":55150,"level":20,"msg":"Processed: \u001b[35msource/lib/vazir-font/font-face.css\u001b[39m","time":"2025-01-02T10:21:13.296Z","v":0}
{"name":"hexo","hostname":"Gs-MacBook-Pro","pid":55150,"level":20,"msg":"Processed: \u001b[35mlayout/post.ejs\u001b[39m","time":"2025-01-02T10:21:13.298Z","v":0}
{"name":"hexo","hostname":"Gs-MacBook-Pro","pid":55150,"level":20,"msg":"Processed: \u001b[35msource/lib/jquery/jquery.min.js\u001b[39m","time":"2025-01-02T10:21:13.298Z","v":0}
{"name":"hexo","hostname":"Gs-MacBook-Pro","pid":55150,"level":20,"msg":"Processed: \u001b[35msource/lib/vazir-font/Vazir-Black.eot\u001b[39m","time":"2025-01-02T10:21:13.298Z","v":0}
{"name":"hexo","hostname":"Gs-MacBook-Pro","pid":55150,"level":20,"msg":"Processed: \u001b[35msource/lib/vazir-font/Vazir-Black.ttf\u001b[39m","time":"2025-01-02T10:21:13.298Z","v":0}
{"name":"hexo","hostname":"Gs-MacBook-Pro","pid":55150,"level":20,"msg":"Processed: \u001b[35msource/lib/vazir-font/Vazir-Bold.eot\u001b[39m","time":"2025-01-02T10:21:13.298Z","v":0}
{"name":"hexo","hostname":"Gs-MacBook-Pro","pid":55150,"level":20,"msg":"Processed: \u001b[35msource/lib/vazir-font/Vazir-Bold.ttf\u001b[39m","time":"2025-01-02T10:21:13.298Z","v":0}
{"name":"hexo","hostname":"Gs-MacBook-Pro","pid":55150,"level":20,"msg":"Processed: \u001b[35msource/lib/vazir-font/Vazir-Light.eot\u001b[39m","time":"2025-01-02T10:21:13.298Z","v":0}
{"name":"hexo","hostname":"Gs-MacBook-Pro","pid":55150,"level":20,"msg":"Processed: \u001b[35msource/lib/vazir-font/Vazir-Light.ttf\u001b[39m","time":"2025-01-02T10:21:13.298Z","v":0}
{"name":"hexo","hostname":"Gs-MacBook-Pro","pid":55150,"level":20,"msg":"Processed: \u001b[35msource/lib/vazir-font/Vazir-Medium.eot\u001b[39m","time":"2025-01-02T10:21:13.298Z","v":0}
{"name":"hexo","hostname":"Gs-MacBook-Pro","pid":55150,"level":20,"msg":"Processed: \u001b[35msource/lib/vazir-font/Vazir-Medium.ttf\u001b[39m","time":"2025-01-02T10:21:13.298Z","v":0}
{"name":"hexo","hostname":"Gs-MacBook-Pro","pid":55150,"level":20,"msg":"Processed: \u001b[35msource/lib/vazir-font/Vazir-Thin.eot\u001b[39m","time":"2025-01-02T10:21:13.298Z","v":0}
{"name":"hexo","hostname":"Gs-MacBook-Pro","pid":55150,"level":20,"msg":"Processed: \u001b[35msource/lib/vazir-font/Vazir-Thin.ttf\u001b[39m","time":"2025-01-02T10:21:13.298Z","v":0}
{"name":"hexo","hostname":"Gs-MacBook-Pro","pid":55150,"level":20,"msg":"Processed: \u001b[35msource/lib/vazir-font/Vazir.eot\u001b[39m","time":"2025-01-02T10:21:13.298Z","v":0}
{"name":"hexo","hostname":"Gs-MacBook-Pro","pid":55150,"level":20,"msg":"Processed: \u001b[35msource/lib/vazir-font/Vazir.ttf\u001b[39m","time":"2025-01-02T10:21:13.298Z","v":0}
{"name":"hexo","hostname":"Gs-MacBook-Pro","pid":55150,"level":20,"msg":"Processed: \u001b[35mlayout/_partial/comments.ejs\u001b[39m","time":"2025-01-02T10:21:13.301Z","v":0}
{"name":"hexo","hostname":"Gs-MacBook-Pro","pid":55150,"level":20,"msg":"Processed: \u001b[35mlayout/_partial/footer.ejs\u001b[39m","time":"2025-01-02T10:21:13.301Z","v":0}
{"name":"hexo","hostname":"Gs-MacBook-Pro","pid":55150,"level":20,"msg":"Processed: \u001b[35mlayout/_partial/header.ejs\u001b[39m","time":"2025-01-02T10:21:13.301Z","v":0}
{"name":"hexo","hostname":"Gs-MacBook-Pro","pid":55150,"level":20,"msg":"Processed: \u001b[35mlayout/_partial/pagination.ejs\u001b[39m","time":"2025-01-02T10:21:13.301Z","v":0}
{"name":"hexo","hostname":"Gs-MacBook-Pro","pid":55150,"level":20,"msg":"Processed: \u001b[35mlayout/_partial/scripts.ejs\u001b[39m","time":"2025-01-02T10:21:13.301Z","v":0}
{"name":"hexo","hostname":"Gs-MacBook-Pro","pid":55150,"level":20,"msg":"Processed: \u001b[35mlayout/_partial/search.ejs\u001b[39m","time":"2025-01-02T10:21:13.301Z","v":0}
{"name":"hexo","hostname":"Gs-MacBook-Pro","pid":55150,"level":20,"msg":"Processed: \u001b[35mlayout/_partial/styles.ejs\u001b[39m","time":"2025-01-02T10:21:13.301Z","v":0}
{"name":"hexo","hostname":"Gs-MacBook-Pro","pid":55150,"level":20,"msg":"Processed: \u001b[35mlayout/_partial/head.ejs\u001b[39m","time":"2025-01-02T10:21:13.301Z","v":0}
{"name":"hexo","hostname":"Gs-MacBook-Pro","pid":55150,"level":20,"msg":"Processed: \u001b[35msource/images/logo.png\u001b[39m","time":"2025-01-02T10:21:13.301Z","v":0}
{"name":"hexo","hostname":"Gs-MacBook-Pro","pid":55150,"level":20,"msg":"Processed: \u001b[35msource/lib/font-awesome/css/all.min.css\u001b[39m","time":"2025-01-02T10:21:13.301Z","v":0}
{"name":"hexo","hostname":"Gs-MacBook-Pro","pid":55150,"level":20,"msg":"Processed: \u001b[35msource/lib/font-awesome/webfonts/fa-regular-400.eot\u001b[39m","time":"2025-01-02T10:21:13.301Z","v":0}
{"name":"hexo","hostname":"Gs-MacBook-Pro","pid":55150,"level":20,"msg":"Processed: \u001b[35msource/lib/font-awesome/webfonts/fa-regular-400.woff\u001b[39m","time":"2025-01-02T10:21:13.301Z","v":0}
{"name":"hexo","hostname":"Gs-MacBook-Pro","pid":55150,"level":20,"msg":"Processed: \u001b[35msource/lib/font-awesome/webfonts/fa-regular-400.woff2\u001b[39m","time":"2025-01-02T10:21:13.301Z","v":0}
{"name":"hexo","hostname":"Gs-MacBook-Pro","pid":55150,"level":20,"msg":"Processed: \u001b[35msource/lib/font-awesome/webfonts/fa-regular-400.ttf\u001b[39m","time":"2025-01-02T10:21:13.301Z","v":0}
{"name":"hexo","hostname":"Gs-MacBook-Pro","pid":55150,"level":20,"msg":"Processed: \u001b[35msource/lib/justified-gallery/css/justifiedGallery.min.css\u001b[39m","time":"2025-01-02T10:21:13.301Z","v":0}
{"name":"hexo","hostname":"Gs-MacBook-Pro","pid":55150,"level":20,"msg":"Processed: \u001b[35msource/lib/justified-gallery/js/jquery.justifiedGallery.min.js\u001b[39m","time":"2025-01-02T10:21:13.301Z","v":0}
{"name":"hexo","hostname":"Gs-MacBook-Pro","pid":55150,"level":20,"msg":"Processed: \u001b[35msource/lib/font-awesome/webfonts/fa-brands-400.woff\u001b[39m","time":"2025-01-02T10:21:13.302Z","v":0}
{"name":"hexo","hostname":"Gs-MacBook-Pro","pid":55150,"level":20,"msg":"Processed: \u001b[35msource/lib/font-awesome/webfonts/fa-brands-400.woff2\u001b[39m","time":"2025-01-02T10:21:13.302Z","v":0}
{"name":"hexo","hostname":"Gs-MacBook-Pro","pid":55150,"level":20,"msg":"Processed: \u001b[35msource/lib/font-awesome/webfonts/fa-solid-900.woff2\u001b[39m","time":"2025-01-02T10:21:13.302Z","v":0}
{"name":"hexo","hostname":"Gs-MacBook-Pro","pid":55150,"level":20,"msg":"Processed: \u001b[35msource/lib/font-awesome/webfonts/fa-solid-900.woff\u001b[39m","time":"2025-01-02T10:21:13.302Z","v":0}
{"name":"hexo","hostname":"Gs-MacBook-Pro","pid":55150,"level":20,"msg":"Processed: \u001b[35mlayout/_partial/post/actions_mobile.ejs\u001b[39m","time":"2025-01-02T10:21:13.304Z","v":0}
{"name":"hexo","hostname":"Gs-MacBook-Pro","pid":55150,"level":20,"msg":"Processed: \u001b[35mlayout/_partial/post/category.ejs\u001b[39m","time":"2025-01-02T10:21:13.304Z","v":0}
{"name":"hexo","hostname":"Gs-MacBook-Pro","pid":55150,"level":20,"msg":"Processed: \u001b[35mlayout/_partial/post/gallery.ejs\u001b[39m","time":"2025-01-02T10:21:13.304Z","v":0}
{"name":"hexo","hostname":"Gs-MacBook-Pro","pid":55150,"level":20,"msg":"Processed: \u001b[35mlayout/_partial/post/date.ejs\u001b[39m","time":"2025-01-02T10:21:13.304Z","v":0}
{"name":"hexo","hostname":"Gs-MacBook-Pro","pid":55150,"level":20,"msg":"Processed: \u001b[35mlayout/_partial/post/share.ejs\u001b[39m","time":"2025-01-02T10:21:13.304Z","v":0}
{"name":"hexo","hostname":"Gs-MacBook-Pro","pid":55150,"level":20,"msg":"Processed: \u001b[35mlayout/_partial/post/tag.ejs\u001b[39m","time":"2025-01-02T10:21:13.304Z","v":0}
{"name":"hexo","hostname":"Gs-MacBook-Pro","pid":55150,"level":20,"msg":"Processed: \u001b[35mlayout/_partial/post/title.ejs\u001b[39m","time":"2025-01-02T10:21:13.304Z","v":0}
{"name":"hexo","hostname":"Gs-MacBook-Pro","pid":55150,"level":20,"msg":"Processed: \u001b[35mlayout/_partial/post/actions_desktop.ejs\u001b[39m","time":"2025-01-02T10:21:13.304Z","v":0}
{"name":"hexo","hostname":"Gs-MacBook-Pro","pid":55150,"level":20,"msg":"Processed: \u001b[35msource/lib/font-awesome/webfonts/fa-brands-400.eot\u001b[39m","time":"2025-01-02T10:21:13.305Z","v":0}
{"name":"hexo","hostname":"Gs-MacBook-Pro","pid":55150,"level":20,"msg":"Processed: \u001b[35msource/lib/font-awesome/webfonts/fa-brands-400.ttf\u001b[39m","time":"2025-01-02T10:21:13.305Z","v":0}
{"name":"hexo","hostname":"Gs-MacBook-Pro","pid":55150,"level":20,"msg":"Processed: \u001b[35msource/lib/font-awesome/webfonts/fa-solid-900.eot\u001b[39m","time":"2025-01-02T10:21:13.305Z","v":0}
{"name":"hexo","hostname":"Gs-MacBook-Pro","pid":55150,"level":20,"msg":"Processed: \u001b[35msource/lib/font-awesome/webfonts/fa-solid-900.ttf\u001b[39m","time":"2025-01-02T10:21:13.305Z","v":0}
{"name":"hexo","hostname":"Gs-MacBook-Pro","pid":55150,"level":20,"msg":"Processed: \u001b[35msource/lib/font-awesome/webfonts/fa-regular-400.svg\u001b[39m","time":"2025-01-02T10:21:13.305Z","v":0}
{"name":"hexo","hostname":"Gs-MacBook-Pro","pid":55150,"level":20,"msg":"Processed: \u001b[35msource/lib/meslo-LG/MesloLGL-BoldItalic.ttf\u001b[39m","time":"2025-01-02T10:21:13.305Z","v":0}
{"name":"hexo","hostname":"Gs-MacBook-Pro","pid":55150,"level":20,"msg":"Processed: \u001b[35msource/lib/meslo-LG/MesloLGM-BoldItalic.ttf\u001b[39m","time":"2025-01-02T10:21:13.305Z","v":0}
{"name":"hexo","hostname":"Gs-MacBook-Pro","pid":55150,"level":20,"msg":"Processed: \u001b[35msource/lib/meslo-LG/MesloLGS-BoldItalic.ttf\u001b[39m","time":"2025-01-02T10:21:13.305Z","v":0}
{"name":"hexo","hostname":"Gs-MacBook-Pro","pid":55150,"level":20,"msg":"Processed: \u001b[35msource/lib/meslo-LG/MesloLGL-Italic.ttf\u001b[39m","time":"2025-01-02T10:21:13.306Z","v":0}
{"name":"hexo","hostname":"Gs-MacBook-Pro","pid":55150,"level":20,"msg":"Processed: \u001b[35msource/lib/meslo-LG/MesloLGM-Italic.ttf\u001b[39m","time":"2025-01-02T10:21:13.306Z","v":0}
{"name":"hexo","hostname":"Gs-MacBook-Pro","pid":55150,"level":20,"msg":"Processed: \u001b[35msource/lib/meslo-LG/MesloLGS-Italic.ttf\u001b[39m","time":"2025-01-02T10:21:13.306Z","v":0}
{"name":"hexo","hostname":"Gs-MacBook-Pro","pid":55150,"level":20,"msg":"Processed: \u001b[35msource/lib/meslo-LG/MesloLGL-Bold.ttf\u001b[39m","time":"2025-01-02T10:21:13.306Z","v":0}
{"name":"hexo","hostname":"Gs-MacBook-Pro","pid":55150,"level":20,"msg":"Processed: \u001b[35msource/lib/meslo-LG/MesloLGL-Regular.ttf\u001b[39m","time":"2025-01-02T10:21:13.306Z","v":0}
{"name":"hexo","hostname":"Gs-MacBook-Pro","pid":55150,"level":20,"msg":"Processed: \u001b[35msource/lib/meslo-LG/MesloLGM-Bold.ttf\u001b[39m","time":"2025-01-02T10:21:13.306Z","v":0}
{"name":"hexo","hostname":"Gs-MacBook-Pro","pid":55150,"level":20,"msg":"Processed: \u001b[35msource/lib/meslo-LG/MesloLGM-Regular.ttf\u001b[39m","time":"2025-01-02T10:21:13.306Z","v":0}
{"name":"hexo","hostname":"Gs-MacBook-Pro","pid":55150,"level":20,"msg":"Processed: \u001b[35msource/lib/meslo-LG/MesloLGS-Bold.ttf\u001b[39m","time":"2025-01-02T10:21:13.306Z","v":0}
{"name":"hexo","hostname":"Gs-MacBook-Pro","pid":55150,"level":20,"msg":"Processed: \u001b[35msource/lib/meslo-LG/MesloLGS-Regular.ttf\u001b[39m","time":"2025-01-02T10:21:13.306Z","v":0}
{"name":"hexo","hostname":"Gs-MacBook-Pro","pid":55150,"level":20,"msg":"Processed: \u001b[35msource/lib/font-awesome/webfonts/fa-brands-400.svg\u001b[39m","time":"2025-01-02T10:21:13.307Z","v":0}
{"name":"hexo","hostname":"Gs-MacBook-Pro","pid":55150,"level":20,"msg":"Processed: \u001b[35msource/lib/font-awesome/webfonts/fa-solid-900.svg\u001b[39m","time":"2025-01-02T10:21:13.307Z","v":0}
{"name":"hexo","hostname":"Gs-MacBook-Pro","pid":55150,"level":20,"msg":"Rendering post: \u001b[35m/Users/gm/Documents/GitHub/ectinge/russell/source/_posts/。.md\u001b[39m","time":"2025-01-02T10:21:13.308Z","v":0}
{"name":"hexo","hostname":"Gs-MacBook-Pro","pid":55150,"level":20,"msg":"Rendering post: \u001b[35m/Users/gm/Documents/GitHub/ectinge/russell/source/_posts/看不顺眼.md\u001b[39m","time":"2025-01-02T10:21:13.309Z","v":0}
{"name":"hexo","hostname":"Gs-MacBook-Pro","pid":55150,"level":20,"msg":"Rendering post: \u001b[35m/Users/gm/Documents/GitHub/ectinge/russell/source/_posts/虚拟.md\u001b[39m","time":"2025-01-02T10:21:13.309Z","v":0}
{"name":"hexo","hostname":"Gs-MacBook-Pro","pid":55150,"level":20,"msg":"Generator: \u001b[35mpage\u001b[39m","time":"2025-01-02T10:21:13.322Z","v":0}
{"name":"hexo","hostname":"Gs-MacBook-Pro","pid":55150,"level":20,"msg":"Generator: \u001b[35mpost\u001b[39m","time":"2025-01-02T10:21:13.322Z","v":0}
{"name":"hexo","hostname":"Gs-MacBook-Pro","pid":55150,"level":20,"msg":"Generator: \u001b[35mhexo-blog-encrypt\u001b[39m","time":"2025-01-02T10:21:13.322Z","v":0}
{"name":"hexo","hostname":"Gs-MacBook-Pro","pid":55150,"level":20,"msg":"Generator: \u001b[35marchive\u001b[39m","time":"2025-01-02T10:21:13.322Z","v":0}
{"name":"hexo","hostname":"Gs-MacBook-Pro","pid":55150,"level":20,"msg":"Generator: \u001b[35mcategory\u001b[39m","time":"2025-01-02T10:21:13.322Z","v":0}
{"name":"hexo","hostname":"Gs-MacBook-Pro","pid":55150,"level":20,"msg":"Generator: \u001b[35mindex\u001b[39m","time":"2025-01-02T10:21:13.322Z","v":0}
{"name":"hexo","hostname":"Gs-MacBook-Pro","pid":55150,"level":20,"msg":"Generator: \u001b[35mtag\u001b[39m","time":"2025-01-02T10:21:13.322Z","v":0}
{"name":"hexo","hostname":"Gs-MacBook-Pro","pid":55150,"level":20,"msg":"Generator: \u001b[35masset\u001b[39m","time":"2025-01-02T10:21:13.322Z","v":0}
{"name":"hexo","hostname":"Gs-MacBook-Pro","pid":55150,"level":30,"msg":"Files loaded in \u001b[36m96 ms\u001b[39m","time":"2025-01-02T10:21:13.326Z","v":0}
{"name":"hexo","hostname":"Gs-MacBook-Pro","pid":55150,"level":20,"msg":"Rendering HTML post: \u001b[35m2030/01/16/。/index.html\u001b[39m","time":"2025-01-02T10:21:13.330Z","v":0}
{"name":"hexo","hostname":"Gs-MacBook-Pro","pid":55150,"level":20,"msg":"Rendering HTML post: \u001b[35m2029/06/30/虚拟/index.html\u001b[39m","time":"2025-01-02T10:21:13.332Z","v":0}
{"name":"hexo","hostname":"Gs-MacBook-Pro","pid":55150,"level":20,"msg":"Rendering HTML post: \u001b[35m2029/04/21/看不顺眼/index.html\u001b[39m","time":"2025-01-02T10:21:13.333Z","v":0}
{"name":"hexo","hostname":"Gs-MacBook-Pro","pid":55150,"level":20,"msg":"Rendering HTML archive: \u001b[35marchives/index.html\u001b[39m","time":"2025-01-02T10:21:13.333Z","v":0}
{"name":"hexo","hostname":"Gs-MacBook-Pro","pid":55150,"level":20,"msg":"Rendering HTML archive: \u001b[35marchives/2029/index.html\u001b[39m","time":"2025-01-02T10:21:13.334Z","v":0}
{"name":"hexo","hostname":"Gs-MacBook-Pro","pid":55150,"level":20,"msg":"Rendering HTML archive: \u001b[35marchives/2029/04/index.html\u001b[39m","time":"2025-01-02T10:21:13.334Z","v":0}
{"name":"hexo","hostname":"Gs-MacBook-Pro","pid":55150,"level":20,"msg":"Rendering HTML archive: \u001b[35marchives/2029/06/index.html\u001b[39m","time":"2025-01-02T10:21:13.334Z","v":0}
{"name":"hexo","hostname":"Gs-MacBook-Pro","pid":55150,"level":20,"msg":"Rendering HTML archive: \u001b[35marchives/2030/index.html\u001b[39m","time":"2025-01-02T10:21:13.335Z","v":0}
{"name":"hexo","hostname":"Gs-MacBook-Pro","pid":55150,"level":20,"msg":"Rendering HTML archive: \u001b[35marchives/2030/01/index.html\u001b[39m","time":"2025-01-02T10:21:13.335Z","v":0}
{"name":"hexo","hostname":"Gs-MacBook-Pro","pid":55150,"level":20,"msg":"Rendering HTML index: \u001b[35mindex.html\u001b[39m","time":"2025-01-02T10:21:13.335Z","v":0}
{"name":"hexo","hostname":"Gs-MacBook-Pro","pid":55150,"level":30,"msg":"Generated: \u001b[35mindex.html\u001b[39m","time":"2025-01-02T10:21:13.425Z","v":0}
{"name":"hexo","hostname":"Gs-MacBook-Pro","pid":55150,"level":30,"msg":"Generated: \u001b[35marchives/index.html\u001b[39m","time":"2025-01-02T10:21:13.427Z","v":0}
{"name":"hexo","hostname":"Gs-MacBook-Pro","pid":55150,"level":30,"msg":"Generated: \u001b[35mimages/favicon-192x192.png\u001b[39m","time":"2025-01-02T10:21:13.428Z","v":0}
{"name":"hexo","hostname":"Gs-MacBook-Pro","pid":55150,"level":30,"msg":"Generated: \u001b[35mimages/favicon.ico\u001b[39m","time":"2025-01-02T10:21:13.429Z","v":0}
{"name":"hexo","hostname":"Gs-MacBook-Pro","pid":55150,"level":30,"msg":"Generated: \u001b[35mimages/apple-touch-icon.png\u001b[39m","time":"2025-01-02T10:21:13.429Z","v":0}
{"name":"hexo","hostname":"Gs-MacBook-Pro","pid":55150,"level":30,"msg":"Generated: \u001b[35marchives/2029/06/index.html\u001b[39m","time":"2025-01-02T10:21:13.429Z","v":0}
{"name":"hexo","hostname":"Gs-MacBook-Pro","pid":55150,"level":30,"msg":"Generated: \u001b[35marchives/2030/01/index.html\u001b[39m","time":"2025-01-02T10:21:13.429Z","v":0}
{"name":"hexo","hostname":"Gs-MacBook-Pro","pid":55150,"level":30,"msg":"Generated: \u001b[35mcss/hbe.style.css\u001b[39m","time":"2025-01-02T10:21:13.429Z","v":0}
{"name":"hexo","hostname":"Gs-MacBook-Pro","pid":55150,"level":30,"msg":"Generated: \u001b[35marchives/2029/04/index.html\u001b[39m","time":"2025-01-02T10:21:13.429Z","v":0}
{"name":"hexo","hostname":"Gs-MacBook-Pro","pid":55150,"level":30,"msg":"Generated: \u001b[35marchives/2030/index.html\u001b[39m","time":"2025-01-02T10:21:13.430Z","v":0}
{"name":"hexo","hostname":"Gs-MacBook-Pro","pid":55150,"level":30,"msg":"Generated: \u001b[35marchives/2029/index.html\u001b[39m","time":"2025-01-02T10:21:13.430Z","v":0}
{"name":"hexo","hostname":"Gs-MacBook-Pro","pid":55150,"level":30,"msg":"Generated: \u001b[35mlib/hbe.js\u001b[39m","time":"2025-01-02T10:21:13.430Z","v":0}
{"name":"hexo","hostname":"Gs-MacBook-Pro","pid":55150,"level":30,"msg":"Generated: \u001b[35mlib/vazir-font/Vazir-Bold.woff2\u001b[39m","time":"2025-01-02T10:21:13.430Z","v":0}
{"name":"hexo","hostname":"Gs-MacBook-Pro","pid":55150,"level":30,"msg":"Generated: \u001b[35mjs/search.js\u001b[39m","time":"2025-01-02T10:21:13.431Z","v":0}
{"name":"hexo","hostname":"Gs-MacBook-Pro","pid":55150,"level":30,"msg":"Generated: \u001b[35mlib/clipboard/clipboard.min.js\u001b[39m","time":"2025-01-02T10:21:13.431Z","v":0}
{"name":"hexo","hostname":"Gs-MacBook-Pro","pid":55150,"level":30,"msg":"Generated: \u001b[35mlib/vazir-font/font-face.css\u001b[39m","time":"2025-01-02T10:21:13.431Z","v":0}
{"name":"hexo","hostname":"Gs-MacBook-Pro","pid":55150,"level":30,"msg":"Generated: \u001b[35mimages/logo.png\u001b[39m","time":"2025-01-02T10:21:13.431Z","v":0}
{"name":"hexo","hostname":"Gs-MacBook-Pro","pid":55150,"level":30,"msg":"Generated: \u001b[35mlib/jquery/jquery.min.js\u001b[39m","time":"2025-01-02T10:21:13.431Z","v":0}
{"name":"hexo","hostname":"Gs-MacBook-Pro","pid":55150,"level":30,"msg":"Generated: \u001b[35mcss/style.css\u001b[39m","time":"2025-01-02T10:21:13.431Z","v":0}
{"name":"hexo","hostname":"Gs-MacBook-Pro","pid":55150,"level":30,"msg":"Generated: \u001b[35mjs/main.js\u001b[39m","time":"2025-01-02T10:21:13.431Z","v":0}
{"name":"hexo","hostname":"Gs-MacBook-Pro","pid":55150,"level":30,"msg":"Generated: \u001b[35mcss/rtl.css\u001b[39m","time":"2025-01-02T10:21:13.431Z","v":0}
{"name":"hexo","hostname":"Gs-MacBook-Pro","pid":55150,"level":30,"msg":"Generated: \u001b[35mlib/vazir-font/Vazir-Bold.eot\u001b[39m","time":"2025-01-02T10:21:13.431Z","v":0}
{"name":"hexo","hostname":"Gs-MacBook-Pro","pid":55150,"level":30,"msg":"Generated: \u001b[35mlib/vazir-font/Vazir-Medium.eot\u001b[39m","time":"2025-01-02T10:21:13.431Z","v":0}
{"name":"hexo","hostname":"Gs-MacBook-Pro","pid":55150,"level":30,"msg":"Generated: \u001b[35mlib/vazir-font/Vazir-Light.eot\u001b[39m","time":"2025-01-02T10:21:13.431Z","v":0}
{"name":"hexo","hostname":"Gs-MacBook-Pro","pid":55150,"level":30,"msg":"Generated: \u001b[35mlib/vazir-font/Vazir-Thin.ttf\u001b[39m","time":"2025-01-02T10:21:13.431Z","v":0}
{"name":"hexo","hostname":"Gs-MacBook-Pro","pid":55150,"level":30,"msg":"Generated: \u001b[35mlib/vazir-font/Vazir-Light.ttf\u001b[39m","time":"2025-01-02T10:21:13.431Z","v":0}
{"name":"hexo","hostname":"Gs-MacBook-Pro","pid":55150,"level":30,"msg":"Generated: \u001b[35mlib/vazir-font/Vazir-Thin.eot\u001b[39m","time":"2025-01-02T10:21:13.431Z","v":0}
{"name":"hexo","hostname":"Gs-MacBook-Pro","pid":55150,"level":30,"msg":"Generated: \u001b[35mlib/vazir-font/Vazir-Bold.ttf\u001b[39m","time":"2025-01-02T10:21:13.431Z","v":0}
{"name":"hexo","hostname":"Gs-MacBook-Pro","pid":55150,"level":30,"msg":"Generated: \u001b[35mlib/vazir-font/Vazir.ttf\u001b[39m","time":"2025-01-02T10:21:13.431Z","v":0}
{"name":"hexo","hostname":"Gs-MacBook-Pro","pid":55150,"level":30,"msg":"Generated: \u001b[35mlib/vazir-font/Vazir.eot\u001b[39m","time":"2025-01-02T10:21:13.431Z","v":0}
{"name":"hexo","hostname":"Gs-MacBook-Pro","pid":55150,"level":30,"msg":"Generated: \u001b[35mlib/vazir-font/Vazir-Medium.woff\u001b[39m","time":"2025-01-02T10:21:13.431Z","v":0}
{"name":"hexo","hostname":"Gs-MacBook-Pro","pid":55150,"level":30,"msg":"Generated: \u001b[35mlib/vazir-font/Vazir-Black.woff\u001b[39m","time":"2025-01-02T10:21:13.431Z","v":0}
{"name":"hexo","hostname":"Gs-MacBook-Pro","pid":55150,"level":30,"msg":"Generated: \u001b[35mlib/vazir-font/Vazir-Black.ttf\u001b[39m","time":"2025-01-02T10:21:13.431Z","v":0}
{"name":"hexo","hostname":"Gs-MacBook-Pro","pid":55150,"level":30,"msg":"Generated: \u001b[35mlib/vazir-font/Vazir-Black.eot\u001b[39m","time":"2025-01-02T10:21:13.431Z","v":0}
{"name":"hexo","hostname":"Gs-MacBook-Pro","pid":55150,"level":30,"msg":"Generated: \u001b[35mlib/vazir-font/Vazir-Bold.woff\u001b[39m","time":"2025-01-02T10:21:13.431Z","v":0}
{"name":"hexo","hostname":"Gs-MacBook-Pro","pid":55150,"level":30,"msg":"Generated: \u001b[35mlib/vazir-font/Vazir-Light.woff\u001b[39m","time":"2025-01-02T10:21:13.431Z","v":0}
{"name":"hexo","hostname":"Gs-MacBook-Pro","pid":55150,"level":30,"msg":"Generated: \u001b[35mlib/vazir-font/Vazir-Black.woff2\u001b[39m","time":"2025-01-02T10:21:13.431Z","v":0}
{"name":"hexo","hostname":"Gs-MacBook-Pro","pid":55150,"level":30,"msg":"Generated: \u001b[35mlib/vazir-font/Vazir-Medium.ttf\u001b[39m","time":"2025-01-02T10:21:13.431Z","v":0}
{"name":"hexo","hostname":"Gs-MacBook-Pro","pid":55150,"level":30,"msg":"Generated: \u001b[35mlib/vazir-font/Vazir-Light.woff2\u001b[39m","time":"2025-01-02T10:21:13.431Z","v":0}
{"name":"hexo","hostname":"Gs-MacBook-Pro","pid":55150,"level":30,"msg":"Generated: \u001b[35mlib/font-awesome/webfonts/fa-regular-400.eot\u001b[39m","time":"2025-01-02T10:21:13.432Z","v":0}
{"name":"hexo","hostname":"Gs-MacBook-Pro","pid":55150,"level":30,"msg":"Generated: \u001b[35mlib/font-awesome/webfonts/fa-brands-400.eot\u001b[39m","time":"2025-01-02T10:21:13.432Z","v":0}
{"name":"hexo","hostname":"Gs-MacBook-Pro","pid":55150,"level":30,"msg":"Generated: \u001b[35mlib/font-awesome/webfonts/fa-brands-400.ttf\u001b[39m","time":"2025-01-02T10:21:13.432Z","v":0}
{"name":"hexo","hostname":"Gs-MacBook-Pro","pid":55150,"level":30,"msg":"Generated: \u001b[35mlib/font-awesome/webfonts/fa-solid-900.eot\u001b[39m","time":"2025-01-02T10:21:13.432Z","v":0}
{"name":"hexo","hostname":"Gs-MacBook-Pro","pid":55150,"level":30,"msg":"Generated: \u001b[35mlib/vazir-font/Vazir.woff\u001b[39m","time":"2025-01-02T10:21:13.432Z","v":0}
{"name":"hexo","hostname":"Gs-MacBook-Pro","pid":55150,"level":30,"msg":"Generated: \u001b[35mlib/font-awesome/webfonts/fa-solid-900.ttf\u001b[39m","time":"2025-01-02T10:21:13.432Z","v":0}
{"name":"hexo","hostname":"Gs-MacBook-Pro","pid":55150,"level":30,"msg":"Generated: \u001b[35mlib/vazir-font/Vazir-Thin.woff2\u001b[39m","time":"2025-01-02T10:21:13.432Z","v":0}
{"name":"hexo","hostname":"Gs-MacBook-Pro","pid":55150,"level":30,"msg":"Generated: \u001b[35mlib/font-awesome/webfonts/fa-regular-400.woff\u001b[39m","time":"2025-01-02T10:21:13.432Z","v":0}
{"name":"hexo","hostname":"Gs-MacBook-Pro","pid":55150,"level":30,"msg":"Generated: \u001b[35mlib/vazir-font/Vazir-Thin.woff\u001b[39m","time":"2025-01-02T10:21:13.432Z","v":0}
{"name":"hexo","hostname":"Gs-MacBook-Pro","pid":55150,"level":30,"msg":"Generated: \u001b[35mlib/font-awesome/webfonts/fa-regular-400.woff2\u001b[39m","time":"2025-01-02T10:21:13.432Z","v":0}
{"name":"hexo","hostname":"Gs-MacBook-Pro","pid":55150,"level":30,"msg":"Generated: \u001b[35mlib/font-awesome/webfonts/fa-regular-400.ttf\u001b[39m","time":"2025-01-02T10:21:13.432Z","v":0}
{"name":"hexo","hostname":"Gs-MacBook-Pro","pid":55150,"level":30,"msg":"Generated: \u001b[35mlib/vazir-font/Vazir.woff2\u001b[39m","time":"2025-01-02T10:21:13.432Z","v":0}
{"name":"hexo","hostname":"Gs-MacBook-Pro","pid":55150,"level":30,"msg":"Generated: \u001b[35mlib/font-awesome/webfonts/fa-regular-400.svg\u001b[39m","time":"2025-01-02T10:21:13.432Z","v":0}
{"name":"hexo","hostname":"Gs-MacBook-Pro","pid":55150,"level":30,"msg":"Generated: \u001b[35mlib/vazir-font/Vazir-Medium.woff2\u001b[39m","time":"2025-01-02T10:21:13.432Z","v":0}
{"name":"hexo","hostname":"Gs-MacBook-Pro","pid":55150,"level":30,"msg":"Generated: \u001b[35mlib/justified-gallery/css/justifiedGallery.min.css\u001b[39m","time":"2025-01-02T10:21:13.432Z","v":0}
{"name":"hexo","hostname":"Gs-MacBook-Pro","pid":55150,"level":30,"msg":"Generated: \u001b[35mlib/font-awesome/css/all.min.css\u001b[39m","time":"2025-01-02T10:21:13.432Z","v":0}
{"name":"hexo","hostname":"Gs-MacBook-Pro","pid":55150,"level":30,"msg":"Generated: \u001b[35mlib/font-awesome/webfonts/fa-brands-400.woff\u001b[39m","time":"2025-01-02T10:21:13.432Z","v":0}
{"name":"hexo","hostname":"Gs-MacBook-Pro","pid":55150,"level":30,"msg":"Generated: \u001b[35mlib/font-awesome/webfonts/fa-brands-400.woff2\u001b[39m","time":"2025-01-02T10:21:13.432Z","v":0}
{"name":"hexo","hostname":"Gs-MacBook-Pro","pid":55150,"level":30,"msg":"Generated: \u001b[35mlib/justified-gallery/js/jquery.justifiedGallery.min.js\u001b[39m","time":"2025-01-02T10:21:13.432Z","v":0}
{"name":"hexo","hostname":"Gs-MacBook-Pro","pid":55150,"level":30,"msg":"Generated: \u001b[35mlib/font-awesome/webfonts/fa-solid-900.woff2\u001b[39m","time":"2025-01-02T10:21:13.432Z","v":0}
{"name":"hexo","hostname":"Gs-MacBook-Pro","pid":55150,"level":30,"msg":"Generated: \u001b[35mlib/font-awesome/webfonts/fa-solid-900.woff\u001b[39m","time":"2025-01-02T10:21:13.432Z","v":0}
{"name":"hexo","hostname":"Gs-MacBook-Pro","pid":55150,"level":30,"msg":"Generated: \u001b[35m2029/06/30/虚拟/index.html\u001b[39m","time":"2025-01-02T10:21:13.433Z","v":0}
{"name":"hexo","hostname":"Gs-MacBook-Pro","pid":55150,"level":30,"msg":"Generated: \u001b[35m2030/01/16/。/index.html\u001b[39m","time":"2025-01-02T10:21:13.433Z","v":0}
{"name":"hexo","hostname":"Gs-MacBook-Pro","pid":55150,"level":30,"msg":"Generated: \u001b[35m2029/04/21/看不顺眼/index.html\u001b[39m","time":"2025-01-02T10:21:13.433Z","v":0}
{"name":"hexo","hostname":"Gs-MacBook-Pro","pid":55150,"level":30,"msg":"Generated: \u001b[35mlib/meslo-LG/MesloLGS-BoldItalic.ttf\u001b[39m","time":"2025-01-02T10:21:13.433Z","v":0}
{"name":"hexo","hostname":"Gs-MacBook-Pro","pid":55150,"level":30,"msg":"Generated: \u001b[35mlib/meslo-LG/MesloLGM-BoldItalic.ttf\u001b[39m","time":"2025-01-02T10:21:13.433Z","v":0}
{"name":"hexo","hostname":"Gs-MacBook-Pro","pid":55150,"level":30,"msg":"Generated: \u001b[35mlib/meslo-LG/MesloLGM-Bold.ttf\u001b[39m","time":"2025-01-02T10:21:13.433Z","v":0}
{"name":"hexo","hostname":"Gs-MacBook-Pro","pid":55150,"level":30,"msg":"Generated: \u001b[35mlib/meslo-LG/MesloLGM-Italic.ttf\u001b[39m","time":"2025-01-02T10:21:13.433Z","v":0}
{"name":"hexo","hostname":"Gs-MacBook-Pro","pid":55150,"level":30,"msg":"Generated: \u001b[35mlib/meslo-LG/MesloLGL-Italic.ttf\u001b[39m","time":"2025-01-02T10:21:13.433Z","v":0}
{"name":"hexo","hostname":"Gs-MacBook-Pro","pid":55150,"level":30,"msg":"Generated: \u001b[35mlib/meslo-LG/MesloLGL-Regular.ttf\u001b[39m","time":"2025-01-02T10:21:13.433Z","v":0}
{"name":"hexo","hostname":"Gs-MacBook-Pro","pid":55150,"level":30,"msg":"Generated: \u001b[35mlib/meslo-LG/MesloLGS-Italic.ttf\u001b[39m","time":"2025-01-02T10:21:13.433Z","v":0}
{"name":"hexo","hostname":"Gs-MacBook-Pro","pid":55150,"level":30,"msg":"Generated: \u001b[35mlib/meslo-LG/MesloLGL-BoldItalic.ttf\u001b[39m","time":"2025-01-02T10:21:13.433Z","v":0}
{"name":"hexo","hostname":"Gs-MacBook-Pro","pid":55150,"level":30,"msg":"Generated: \u001b[35mlib/meslo-LG/MesloLGM-Regular.ttf\u001b[39m","time":"2025-01-02T10:21:13.433Z","v":0}
{"name":"hexo","hostname":"Gs-MacBook-Pro","pid":55150,"level":30,"msg":"Generated: \u001b[35mlib/meslo-LG/MesloLGS-Regular.ttf\u001b[39m","time":"2025-01-02T10:21:13.434Z","v":0}
{"name":"hexo","hostname":"Gs-MacBook-Pro","pid":55150,"level":30,"msg":"Generated: \u001b[35mlib/font-awesome/webfonts/fa-brands-400.svg\u001b[39m","time":"2025-01-02T10:21:13.434Z","v":0}
{"name":"hexo","hostname":"Gs-MacBook-Pro","pid":55150,"level":30,"msg":"Generated: \u001b[35mlib/meslo-LG/MesloLGS-Bold.ttf\u001b[39m","time":"2025-01-02T10:21:13.434Z","v":0}
{"name":"hexo","hostname":"Gs-MacBook-Pro","pid":55150,"level":30,"msg":"Generated: \u001b[35mlib/meslo-LG/MesloLGL-Bold.ttf\u001b[39m","time":"2025-01-02T10:21:13.434Z","v":0}
{"name":"hexo","hostname":"Gs-MacBook-Pro","pid":55150,"level":30,"msg":"Generated: \u001b[35mlib/font-awesome/webfonts/fa-solid-900.svg\u001b[39m","time":"2025-01-02T10:21:13.434Z","v":0}
{"name":"hexo","hostname":"Gs-MacBook-Pro","pid":55150,"level":30,"msg":"77 files generated in \u001b[36m108 ms\u001b[39m","time":"2025-01-02T10:21:13.434Z","v":0}
{"name":"hexo","hostname":"Gs-MacBook-Pro","pid":55150,"level":20,"msg":"Database saved","time":"2025-01-02T10:21:13.436Z","v":0}
